#
# A fatal error has been detected by the Java Runtime Environment:
#
#  SIGSEGV (0xb) at pc=0x000000012b375a70, pid=99860, tid=70927
#
# JRE version: OpenJDK Runtime Environment (17.0+35) (build 17+35-2724)
# Java VM: OpenJDK 64-Bit Server VM (17+35-2724, mixed mode, sharing, tiered, compressed oops, compressed class ptrs, g1 gc, bsd-amd64)
# Problematic frame:
# C  [libawt_lwawt.dylib+0x88a70]  OGLTR_DrawGlyphList+0x1f0
#
# No core dump will be written. Core dumps have been disabled. To enable core dumping, try "ulimit -c unlimited" before starting Java again
#
# If you would like to submit a bug report, please visit:
#   https://bugreport.java.com/bugreport/crash.jsp
# The crash happened outside the Java Virtual Machine in native code.
# See problematic frame for where to report the bug.
#

---------------  S U M M A R Y ------------

Command Line: -javaagent:/Applications/IntelliJ IDEA.app/Contents/lib/idea_rt.jar=55029:/Applications/IntelliJ IDEA.app/Contents/bin -Dfile.encoding=UTF-8 Defaults.Main

Host: "MacBookPro17,1" x86_64 (EMULATED) 2400 MHz, 8 cores, 8G, Darwin 21.1.0, macOS 12.0.1 (21A559)
Time: Thu May 26 23:18:21 2022 CEST elapsed time: 2.093747 seconds (0d 0h 0m 2s)

---------------  T H R E A D  ---------------

Current thread (0x00007fc0198f1600):  JavaThread "Java2D Queue Flusher" daemon [_thread_in_native, id=70927, stack(0x00000003060c5000,0x00000003061c5000)]

Stack: [0x00000003060c5000,0x00000003061c5000],  sp=0x00000003061c4790,  free space=1021k
Native frames: (J=compiled Java code, j=interpreted, Vv=VM code, C=native code)
C  [libawt_lwawt.dylib+0x88a70]  OGLTR_DrawGlyphList+0x1f0
C  [libawt_lwawt.dylib+0x85c72]  Java_sun_java2d_opengl_OGLRenderQueue_flushBuffer+0x552
j  sun.java2d.opengl.OGLRenderQueue.flushBuffer(JI)V+0 java.desktop@17
j  sun.java2d.opengl.OGLRenderQueue.flushBuffer()V+21 java.desktop@17
j  sun.java2d.opengl.OGLRenderQueue$QueueFlusher.run()V+81 java.desktop@17
j  java.lang.Thread.run()V+11 java.base@17
v  ~StubRoutines::call_stub
V  [libjvm.dylib+0x5041d1]  _ZN9JavaCalls11call_helperEP9JavaValueRK12methodHandleP17JavaCallArgumentsP10JavaThread+0x2a1
V  [libjvm.dylib+0x503247]  _ZN9JavaCalls12call_virtualEP9JavaValueP5KlassP6SymbolS5_P17JavaCallArgumentsP10JavaThread+0x147
V  [libjvm.dylib+0x503313]  _ZN9JavaCalls12call_virtualEP9JavaValue6HandleP5KlassP6SymbolS6_P10JavaThread+0x63
V  [libjvm.dylib+0x5acc84]  _ZL12thread_entryP10JavaThreadS0_+0xb4
V  [libjvm.dylib+0x9f0c37]  _ZN10JavaThread17thread_main_innerEv+0x147
V  [libjvm.dylib+0x9ef04a]  _ZN6Thread8call_runEv+0x11a
V  [libjvm.dylib+0x8834d8]  _ZL19thread_native_entryP6Thread+0x148
C  [libsystem_pthread.dylib+0x6514]  _pthread_start+0x7d
C  [libsystem_pthread.dylib+0x202f]  thread_start+0xf

Java frames: (J=compiled Java code, j=interpreted, Vv=VM code)
j  sun.java2d.opengl.OGLRenderQueue.flushBuffer(JI)V+0 java.desktop@17
j  sun.java2d.opengl.OGLRenderQueue.flushBuffer()V+21 java.desktop@17
j  sun.java2d.opengl.OGLRenderQueue$QueueFlusher.run()V+81 java.desktop@17
j  java.lang.Thread.run()V+11 java.base@17
v  ~StubRoutines::call_stub

siginfo: si_signo: 11 (SIGSEGV), si_code: 1 (SEGV_MAPERR), si_addr: 0x0000000200000048

Register to memory mapping:

RAX=0x0 is NULL
RBX=0x0 is NULL
RCX=0x00007fc0198fe1d0 points into unknown readable memory: 0x0000000200000038 | 38 00 00 00 02 00 00 00
RDX=0x0000000200000038 is an unknown value
RSP=0x00000003061c4790 is pointing into the stack for thread: 0x00007fc0198f1600
RBP=0x00000003061c48f0 is pointing into the stack for thread: 0x00007fc0198f1600
RSI=0x0000600001106380 points into unknown readable memory: 0x000060000060c0d0 | d0 c0 60 00 00 60 00 00
RDI=0x000000000000008c is an unknown value
R8 =0x0 is NULL
R9 =0x0 is NULL
R10=0x00007fc0198fe1d0 points into unknown readable memory: 0x0000000200000038 | 38 00 00 00 02 00 00 00
R11=0x000000000000008c is an unknown value
R12=0x0000000000000008 is an unknown value
R13=0x0000000000000001 is an unknown value
R14=0x00007fc0198fe1bc points into unknown readable memory: 28 00 00 00
R15=0x0000000000000007 is an unknown value


Registers:
RAX=0x0000000000000000, RBX=0x0000000000000000, RCX=0x00007fc0198fe1d0, RDX=0x0000000200000038
RSP=0x00000003061c4790, RBP=0x00000003061c48f0, RSI=0x0000600001106380, RDI=0x000000000000008c
R8 =0x0000000000000000, R9 =0x0000000000000000, R10=0x00007fc0198fe1d0, R11=0x000000000000008c
R12=0x0000000000000008, R13=0x0000000000000001, R14=0x00007fc0198fe1bc, R15=0x0000000000000007
RIP=0x000000012b375a70, EFLAGS=0x0000000000000246, ERR=0x0000000000000004
  TRAPNO=0x000000000000000e

Top of Stack: (sp=0x00000003061c4790)
0x00000003061c4790:   00000003061c47b0 00007ffa1d12abfa
0x00000003061c47a0:   00007fc02b16f400 000000012b3b9f28
0x00000003061c47b0:   00000003061c48e0 000000012b36cbe5
0x00000003061c47c0:   0000600001106380 0000600002ac1980
0x00000003061c47d0:   4092c00000000000 00007fc0198fe1d0
0x00000003061c47e0:   4099000000000000 0000000000000000
0x00000003061c47f0:   0000000000000000 0000000000000000
0x00000003061c4800:   00000000000080e0 0000000000000000
0x00000003061c4810:   0000000000000000 0000025800000320
0x00000003061c4820:   00006000004fea60 00007fc030042e48
0x00000003061c4830:   0000000000000000 0000000000000000
0x00000003061c4840:   0000600001106380 0000600002a06100
0x00000003061c4850:   0000000000000000 0000008c00000000
0x00000003061c4860:   00000003061c4890 000000013429022e
0x00000003061c4870:   00007fc030028000 00007fc0198fe6e0
0x00000003061c4880:   00000007b16700f8 00007fc030028000
0x00000003061c4890:   00007fc0198fe6e0 0000000000000001
0x00000003061c48a0:   0000600001106380 000000012b373268
0x00000003061c48b0:   00000003b16700f8 0000000000000000
0x00000003061c48c0:   000000012b372cf8 0000000000000000
0x00000003061c48d0:   0000000000000008 0000000000000001
0x00000003061c48e0:   00007fc0198fe1bc 0000000000000007
0x00000003061c48f0:   00000003061c4960 000000012b372c72
0x00000003061c4900:   0000000000000000 000000000000008c
0x00000003061c4910:   00007fc0198fe1d0 0000000000000000
0x00000003061c4920:   00000000061c4960 00007fc0198fe6e0
0x00000003061c4930:   00007fc0198f18a8 0000000128a1f638
0x00000003061c4940:   0000000000000000 0000000128a1f638
0x00000003061c4950:   00000003061c4a18 00007fc0198f1600
0x00000003061c4960:   00000003061c49e0 0000000113793365
0x00000003061c4970:   000000010a4f0fde 0000000000000064
0x00000003061c4980:   0000000786838170 0000600001105480 

Instructions: (pc=0x000000012b375a70)
0x000000012b375970:   e8 48 8b 55 a0 0f b7 4a 08 0f 57 f6 f3 0f 2a f1
0x000000012b375980:   f3 0f 58 f4 0f b7 4a 0a f3 0f 2a f9 f3 0f 58 fd
0x000000012b375990:   f3 0f 10 40 34 f3 0f 10 48 38 f3 0f 10 50 3c f3
0x000000012b3759a0:   0f 10 58 40 48 8b bd 50 ff ff ff e8 90 1b 00 00
0x000000012b3759b0:   48 8b 8d e8 fe ff ff 48 83 c1 08 48 8b 85 48 ff
0x000000012b3759c0:   ff ff ff c0 48 89 85 48 ff ff ff 3b 45 94 0f 28
0x000000012b3759d0:   85 b0 fe ff ff 0f 84 49 10 00 00 48 8b 11 48 85
0x000000012b3759e0:   d2 0f 84 25 10 00 00 f3 0f 16 d0 80 bd 68 ff ff
0x000000012b3759f0:   ff 00 48 89 8d e8 fe ff ff 74 75 48 8b 85 18 ff
0x000000012b375a00:   ff ff f3 0f 10 28 0f 29 85 b0 fe ff ff f3 0f 58
0x000000012b375a10:   e8 f3 0f 58 6a 10 f3 0f 58 50 04 48 8d 40 08 48
0x000000012b375a20:   89 85 18 ff ff ff f3 0f 58 52 14 0f 57 db 66 0f
0x000000012b375a30:   3a 0a dd 09 0f 28 cd 0f 57 c0 f3 0f c2 c8 01 0f
0x000000012b375a40:   54 d9 0f 55 cd 0f 56 cb 0f 57 e4 66 0f 3a 0a e2
0x000000012b375a50:   09 0f 28 da f3 0f c2 d8 01 0f 54 e3 0f 55 da 0f
0x000000012b375a60:   56 dc eb 5f 66 2e 0f 1f 84 00 00 00 00 00 66 90
0x000000012b375a70:   f3 0f 10 6a 10 f3 0f 58 e8 f3 0f 58 52 14 0f 57
0x000000012b375a80:   db 66 0f 3a 0a dd 09 0f 28 cd 0f 57 f6 f3 0f c2
0x000000012b375a90:   ce 01 0f 54 d9 0f 55 cd 0f 56 cb 0f 57 e4 66 0f
0x000000012b375aa0:   3a 0a e2 09 0f 28 da f3 0f c2 de 01 0f 54 e3 0f
0x000000012b375ab0:   55 da 0f 56 dc f2 0f 10 12 0f 58 c2 0f 29 85 b0
0x000000012b375ac0:   fe ff ff 48 89 55 a0 48 83 7a 20 00 0f 84 de fe
0x000000012b375ad0:   ff ff f3 44 0f 2c e1 f3 44 0f 2c c3 4c 8b 75 a0
0x000000012b375ae0:   41 0f b7 4e 0c 0f b7 d1 45 0f b7 7e 08 66 44 39
0x000000012b375af0:   fa 0f 85 49 01 00 00 45 0f b7 7e 0a 66 83 f9 20
0x000000012b375b00:   0f 87 6b 02 00 00 66 41 83 ff 20 0f 87 60 02 00
0x000000012b375b10:   00 8b 05 11 0e 04 00 83 f8 01 0f 84 94 00 00 00
0x000000012b375b20:   4d 89 c7 83 f8 02 74 1e 83 f8 04 75 70 bf f4 0c
0x000000012b375b30:   00 00 31 f6 48 8d 1d 9d 42 04 00 ff 13 bf f3 0c
0x000000012b375b40:   00 00 31 f6 ff 13 bf f2 0c 00 00 31 f6 48 8d 1d
0x000000012b375b50:   84 42 04 00 ff 13 bf f5 0c 00 00 be 04 00 00 00
0x000000012b375b60:   ff 13 31 ff 48 8d 05 b5 43 04 00 ff 10 bf c1 84 


Stack slot to memory mapping:
stack at sp + 0 slots: 0x00000003061c47b0 is pointing into the stack for thread: 0x00007fc0198f1600
stack at sp + 1 slots: 0x00007ffa1d12abfa: glEnd_Exec+0x3a in /System/Library/Frameworks/OpenGL.framework/Versions/A/Resources/GLEngine.bundle/GLEngine at 0x00007ffa1d10b000
stack at sp + 2 slots: 0x00007fc02b16f400 points into unknown readable memory: 0x00007fc030028000 | 00 80 02 30 c0 7f 00 00
stack at sp + 3 slots: 0x000000012b3b9f28: j2d_glVertex2d+0 in /Users/illuha2uha/Library/Java/JavaVirtualMachines/openjdk-17/Contents/Home/lib/libawt_lwawt.dylib at 0x000000012b2ed000
stack at sp + 4 slots: 0x00000003061c48e0 is pointing into the stack for thread: 0x00007fc0198f1600
stack at sp + 5 slots: 0x000000012b36cbe5: OGLBlitLoops_IsoBlit+0x4e5 in /Users/illuha2uha/Library/Java/JavaVirtualMachines/openjdk-17/Contents/Home/lib/libawt_lwawt.dylib at 0x000000012b2ed000
stack at sp + 6 slots: 0x0000600001106380 points into unknown readable memory: 0x000060000060c0d0 | d0 c0 60 00 00 60 00 00
stack at sp + 7 slots: 0x0000600002ac1980 points into unknown readable memory: 0x000000012b3755e0 | e0 55 37 2b 01 00 00 00


---------------  P R O C E S S  ---------------

Threads class SMR info:
_java_thread_list=0x000060000042a520, length=24, elements={
0x00007fc019808200, 0x00007fc01980aa00, 0x00007fc02b0b6600, 0x00007fc02b0b6c00,
0x00007fc02b0b7c00, 0x00007fc019808800, 0x00007fc019808e00, 0x00007fc01b008200,
0x00007fc02980e000, 0x00007fc02b0b1a00, 0x00007fc02a009e00, 0x00007fc029887600,
0x00007fc02a073c00, 0x00007fc0298a9c00, 0x00007fc0298cc000, 0x00007fc0198f1600,
0x00007fc029910200, 0x00007fc0298cb400, 0x00007fc02a074200, 0x00007fc0198cd200,
0x00007fc02b157600, 0x00007fc02b154800, 0x00007fc02b18c200, 0x00007fc02b1eea00
}
_to_delete_list=0x0000600000401ec0, length=23, elements={
0x00007fc019808200, 0x00007fc01980aa00, 0x00007fc02b0b6600, 0x00007fc02b0b6c00,
0x00007fc02b0b7c00, 0x00007fc019808800, 0x00007fc019808e00, 0x00007fc01b008200,
0x00007fc02980e000, 0x00007fc02b0b1a00, 0x00007fc02a009e00, 0x00007fc029887600,
0x00007fc02a073c00, 0x00007fc0298a9c00, 0x00007fc0298cc000, 0x00007fc0198f1600,
0x00007fc029910200, 0x00007fc0298cb400, 0x00007fc02a074200, 0x00007fc0198cd200,
0x00007fc02b157600, 0x00007fc02b154800, 0x00007fc02b18c200
}

Java Threads: ( => current thread )
  0x00007fc019808200 JavaThread "Reference Handler" daemon [_thread_blocked, id=42567, stack(0x0000000304e63000,0x0000000304f63000)]
  0x00007fc01980aa00 JavaThread "Finalizer" daemon [_thread_blocked, id=22275, stack(0x0000000304f66000,0x0000000305066000)]
  0x00007fc02b0b6600 JavaThread "Signal Dispatcher" daemon [_thread_blocked, id=24323, stack(0x00000003051ff000,0x00000003052ff000)]
  0x00007fc02b0b6c00 JavaThread "Service Thread" daemon [_thread_blocked, id=39683, stack(0x0000000305302000,0x0000000305402000)]
  0x00007fc02b0b7c00 JavaThread "Monitor Deflation Thread" daemon [_thread_blocked, id=39171, stack(0x0000000305405000,0x0000000305505000)]
  0x00007fc019808800 JavaThread "C2 CompilerThread0" daemon [_thread_in_native, id=24835, stack(0x0000000305508000,0x0000000305608000)]
  0x00007fc019808e00 JavaThread "C1 CompilerThread0" daemon [_thread_blocked, id=38403, stack(0x000000030560b000,0x000000030570b000)]
  0x00007fc01b008200 JavaThread "Sweeper thread" daemon [_thread_blocked, id=38147, stack(0x000000030570e000,0x000000030580e000)]
  0x00007fc02980e000 JavaThread "Common-Cleaner" daemon [_thread_blocked, id=37767, stack(0x0000000305811000,0x0000000305911000)]
  0x00007fc02b0b1a00 JavaThread "Monitor Ctrl-Break" daemon [_thread_in_native, id=25951, stack(0x0000000305914000,0x0000000305a14000)]
  0x00007fc02a009e00 JavaThread "Notification Thread" daemon [_thread_blocked, id=36615, stack(0x0000000305a17000,0x0000000305b17000)]
  0x00007fc029887600 JavaThread "AppKit Thread" daemon [_thread_in_native, id=259, stack(0x0000000303ecb000,0x00000003046cb000)]
  0x00007fc02a073c00 JavaThread "AWT-Shutdown" [_thread_blocked, id=84775, stack(0x0000000305c1d000,0x0000000305d1d000)]
  0x00007fc0298a9c00 JavaThread "AWT-EventQueue-0" [_thread_blocked, id=74427, stack(0x0000000305fc2000,0x00000003060c2000)]
  0x00007fc0298cc000 JavaThread "DestroyJavaVM" [_thread_blocked, id=8195, stack(0x000000030474e000,0x000000030484e000)]
=>0x00007fc0198f1600 JavaThread "Java2D Queue Flusher" daemon [_thread_in_native, id=70927, stack(0x00000003060c5000,0x00000003061c5000)]
  0x00007fc029910200 JavaThread "Java2D Disposer" daemon [_thread_blocked, id=66335, stack(0x00000003061c8000,0x00000003062c8000)]
  0x00007fc0298cb400 JavaThread "Image Fetcher 0" daemon [_thread_blocked, id=65595, stack(0x00000003062cb000,0x00000003063cb000)]
  0x00007fc02a074200 JavaThread "pool-1-thread-1" [_thread_blocked, id=89099, stack(0x00000003063ce000,0x00000003064ce000)]
  0x00007fc0198cd200 JavaThread "pool-1-thread-2" [_thread_blocked, id=89655, stack(0x00000003064d1000,0x00000003065d1000)]
  0x00007fc02b157600 JavaThread "pool-1-thread-3" [_thread_blocked, id=173827, stack(0x00000003065d4000,0x00000003066d4000)]
  0x00007fc02b154800 JavaThread "pool-1-thread-4" [_thread_blocked, id=90887, stack(0x00000003066d7000,0x00000003067d7000)]
  0x00007fc02b18c200 JavaThread "pool-1-thread-5" [_thread_blocked, id=169879, stack(0x00000003067da000,0x00000003068da000)]
  0x00007fc02b1eea00 JavaThread "Attach Listener" daemon [_thread_blocked, id=92971, stack(0x00000003068dd000,0x00000003069dd000)]

Other Threads:
  0x00007fc02a90d200 VMThread "VM Thread" [stack: 0x0000000304d60000,0x0000000304e60000] [id=43267]
  0x00007fc02a8157f0 WatcherThread [stack: 0x0000000305b1a000,0x0000000305c1a000] [id=26887]
  0x00007fc029706a70 GCTaskThread "GC Thread#0" [stack: 0x0000000304851000,0x0000000304951000] [id=14339]
  0x00007fc0297e7f40 GCTaskThread "GC Thread#1" [stack: 0x0000000306bff000,0x0000000306cff000] [id=98983]
  0x00007fc0297e6560 GCTaskThread "GC Thread#2" [stack: 0x0000000306d02000,0x0000000306e02000] [id=164611]
  0x00007fc02a9941f0 GCTaskThread "GC Thread#3" [stack: 0x0000000306e05000,0x0000000306f05000] [id=164099]
  0x00007fc02a994a80 GCTaskThread "GC Thread#4" [stack: 0x0000000306f08000,0x0000000307008000] [id=163587]
  0x00007fc019797810 GCTaskThread "GC Thread#5" [stack: 0x000000030700b000,0x000000030710b000] [id=99075]
  0x00007fc0197987a0 GCTaskThread "GC Thread#6" [stack: 0x000000030710e000,0x000000030720e000] [id=162819]
  0x00007fc019799000 GCTaskThread "GC Thread#7" [stack: 0x0000000307211000,0x0000000307311000] [id=162563]
  0x00007fc02a905c50 ConcurrentGCThread "G1 Main Marker" [stack: 0x0000000304954000,0x0000000304a54000] [id=19203]
  0x00007fc02a9064d0 ConcurrentGCThread "G1 Conc#0" [stack: 0x0000000304a57000,0x0000000304b57000] [id=15619]
  0x00007fc02a908d30 ConcurrentGCThread "G1 Refine#0" [stack: 0x0000000304b5a000,0x0000000304c5a000] [id=18691]
  0x00007fc02a9095c0 ConcurrentGCThread "G1 Service" [stack: 0x0000000304c5d000,0x0000000304d5d000] [id=18435]

Threads with active compile tasks:
C2 CompilerThread0     2112 1233       4       com.apple.laf.AquaPanelUI::update (19 bytes)

VM state: not at safepoint (normal execution)

VM Mutex/Monitor currently owned by a thread: None

OutOfMemory and StackOverflow Exception counts:
StackOverflowErrors=10
LinkageErrors=19

Heap address: 0x0000000780000000, size: 2048 MB, Compressed Oops mode: Zero based, Oop shift amount: 3

CDS archive(s) mapped at: [0x0000000800000000-0x0000000800bd0000-0x0000000800bd0000), size 12386304, SharedBaseAddress: 0x0000000800000000, ArchiveRelocationMode: 0.
Compressed class space mapped at: 0x0000000800c00000-0x0000000840c00000, reserved size: 1073741824
Narrow klass base: 0x0000000800000000, Narrow klass shift: 0, Narrow klass range: 0x100000000

GC Precious Log:
 CPUs: 8 total, 8 available
 Memory: 8192M
 Large Page Support: Disabled
 NUMA Support: Disabled
 Compressed Oops: Enabled (Zero based)
 Heap Region Size: 1M
 Heap Min Capacity: 8M
 Heap Initial Capacity: 128M
 Heap Max Capacity: 2G
 Pre-touch: Disabled
 Parallel Workers: 8
 Concurrent Workers: 2
 Concurrent Refinement Workers: 8
 Periodic GC: Disabled

Heap:
 garbage-first heap   total 133120K, used 33104K [0x0000000780000000, 0x0000000800000000)
  region size 1024K, 29 young (29696K), 3 survivors (3072K)
 Metaspace       used 8077K, committed 8320K, reserved 1056768K
  class space    used 910K, committed 1024K, reserved 1048576K

Heap Regions: E=young(eden), S=young(survivor), O=old, HS=humongous(starts), HC=humongous(continues), CS=collection set, F=free, OA=open archive, CA=closed archive, TAMS=top-at-mark-start (previous, next)
|   0|0x0000000780000000, 0x0000000780100000, 0x0000000780100000|100%|HS|  |TAMS 0x0000000780000000, 0x0000000780000000| Complete 
|   1|0x0000000780100000, 0x0000000780200000, 0x0000000780200000|100%|HC|  |TAMS 0x0000000780100000, 0x0000000780100000| Complete 
|   2|0x0000000780200000, 0x0000000780300000, 0x0000000780300000|100%|HS|  |TAMS 0x0000000780200000, 0x0000000780200000| Complete 
|   3|0x0000000780300000, 0x0000000780400000, 0x0000000780400000|100%|HC|  |TAMS 0x0000000780300000, 0x0000000780300000| Complete 
|   4|0x0000000780400000, 0x0000000780400000, 0x0000000780500000|  0%| F|  |TAMS 0x0000000780400000, 0x0000000780400000| Untracked 
|   5|0x0000000780500000, 0x0000000780500000, 0x0000000780600000|  0%| F|  |TAMS 0x0000000780500000, 0x0000000780500000| Untracked 
|   6|0x0000000780600000, 0x0000000780600000, 0x0000000780700000|  0%| F|  |TAMS 0x0000000780600000, 0x0000000780600000| Untracked 
|   7|0x0000000780700000, 0x0000000780700000, 0x0000000780800000|  0%| F|  |TAMS 0x0000000780700000, 0x0000000780700000| Untracked 
|   8|0x0000000780800000, 0x0000000780800000, 0x0000000780900000|  0%| F|  |TAMS 0x0000000780800000, 0x0000000780800000| Untracked 
|   9|0x0000000780900000, 0x0000000780900000, 0x0000000780a00000|  0%| F|  |TAMS 0x0000000780900000, 0x0000000780900000| Untracked 
|  10|0x0000000780a00000, 0x0000000780a00000, 0x0000000780b00000|  0%| F|  |TAMS 0x0000000780a00000, 0x0000000780a00000| Untracked 
|  11|0x0000000780b00000, 0x0000000780b00000, 0x0000000780c00000|  0%| F|  |TAMS 0x0000000780b00000, 0x0000000780b00000| Untracked 
|  12|0x0000000780c00000, 0x0000000780c00000, 0x0000000780d00000|  0%| F|  |TAMS 0x0000000780c00000, 0x0000000780c00000| Untracked 
|  13|0x0000000780d00000, 0x0000000780d00000, 0x0000000780e00000|  0%| F|  |TAMS 0x0000000780d00000, 0x0000000780d00000| Untracked 
|  14|0x0000000780e00000, 0x0000000780e00000, 0x0000000780f00000|  0%| F|  |TAMS 0x0000000780e00000, 0x0000000780e00000| Untracked 
|  15|0x0000000780f00000, 0x0000000780f00000, 0x0000000781000000|  0%| F|  |TAMS 0x0000000780f00000, 0x0000000780f00000| Untracked 
|  16|0x0000000781000000, 0x0000000781000000, 0x0000000781100000|  0%| F|  |TAMS 0x0000000781000000, 0x0000000781000000| Untracked 
|  17|0x0000000781100000, 0x0000000781100000, 0x0000000781200000|  0%| F|  |TAMS 0x0000000781100000, 0x0000000781100000| Untracked 
|  18|0x0000000781200000, 0x0000000781200000, 0x0000000781300000|  0%| F|  |TAMS 0x0000000781200000, 0x0000000781200000| Untracked 
|  19|0x0000000781300000, 0x0000000781300000, 0x0000000781400000|  0%| F|  |TAMS 0x0000000781300000, 0x0000000781300000| Untracked 
|  20|0x0000000781400000, 0x0000000781400000, 0x0000000781500000|  0%| F|  |TAMS 0x0000000781400000, 0x0000000781400000| Untracked 
|  21|0x0000000781500000, 0x0000000781500000, 0x0000000781600000|  0%| F|  |TAMS 0x0000000781500000, 0x0000000781500000| Untracked 
|  22|0x0000000781600000, 0x0000000781600000, 0x0000000781700000|  0%| F|  |TAMS 0x0000000781600000, 0x0000000781600000| Untracked 
|  23|0x0000000781700000, 0x0000000781700000, 0x0000000781800000|  0%| F|  |TAMS 0x0000000781700000, 0x0000000781700000| Untracked 
|  24|0x0000000781800000, 0x0000000781800000, 0x0000000781900000|  0%| F|  |TAMS 0x0000000781800000, 0x0000000781800000| Untracked 
|  25|0x0000000781900000, 0x0000000781900000, 0x0000000781a00000|  0%| F|  |TAMS 0x0000000781900000, 0x0000000781900000| Untracked 
|  26|0x0000000781a00000, 0x0000000781a00000, 0x0000000781b00000|  0%| F|  |TAMS 0x0000000781a00000, 0x0000000781a00000| Untracked 
|  27|0x0000000781b00000, 0x0000000781b00000, 0x0000000781c00000|  0%| F|  |TAMS 0x0000000781b00000, 0x0000000781b00000| Untracked 
|  28|0x0000000781c00000, 0x0000000781c00000, 0x0000000781d00000|  0%| F|  |TAMS 0x0000000781c00000, 0x0000000781c00000| Untracked 
|  29|0x0000000781d00000, 0x0000000781d00000, 0x0000000781e00000|  0%| F|  |TAMS 0x0000000781d00000, 0x0000000781d00000| Untracked 
|  30|0x0000000781e00000, 0x0000000781e00000, 0x0000000781f00000|  0%| F|  |TAMS 0x0000000781e00000, 0x0000000781e00000| Untracked 
|  31|0x0000000781f00000, 0x0000000781f00000, 0x0000000782000000|  0%| F|  |TAMS 0x0000000781f00000, 0x0000000781f00000| Untracked 
|  32|0x0000000782000000, 0x0000000782000000, 0x0000000782100000|  0%| F|  |TAMS 0x0000000782000000, 0x0000000782000000| Untracked 
|  33|0x0000000782100000, 0x0000000782100000, 0x0000000782200000|  0%| F|  |TAMS 0x0000000782100000, 0x0000000782100000| Untracked 
|  34|0x0000000782200000, 0x0000000782200000, 0x0000000782300000|  0%| F|  |TAMS 0x0000000782200000, 0x0000000782200000| Untracked 
|  35|0x0000000782300000, 0x0000000782300000, 0x0000000782400000|  0%| F|  |TAMS 0x0000000782300000, 0x0000000782300000| Untracked 
|  36|0x0000000782400000, 0x0000000782400000, 0x0000000782500000|  0%| F|  |TAMS 0x0000000782400000, 0x0000000782400000| Untracked 
|  37|0x0000000782500000, 0x0000000782500000, 0x0000000782600000|  0%| F|  |TAMS 0x0000000782500000, 0x0000000782500000| Untracked 
|  38|0x0000000782600000, 0x0000000782600000, 0x0000000782700000|  0%| F|  |TAMS 0x0000000782600000, 0x0000000782600000| Untracked 
|  39|0x0000000782700000, 0x0000000782700000, 0x0000000782800000|  0%| F|  |TAMS 0x0000000782700000, 0x0000000782700000| Untracked 
|  40|0x0000000782800000, 0x0000000782800000, 0x0000000782900000|  0%| F|  |TAMS 0x0000000782800000, 0x0000000782800000| Untracked 
|  41|0x0000000782900000, 0x0000000782900000, 0x0000000782a00000|  0%| F|  |TAMS 0x0000000782900000, 0x0000000782900000| Untracked 
|  42|0x0000000782a00000, 0x0000000782a00000, 0x0000000782b00000|  0%| F|  |TAMS 0x0000000782a00000, 0x0000000782a00000| Untracked 
|  43|0x0000000782b00000, 0x0000000782b00000, 0x0000000782c00000|  0%| F|  |TAMS 0x0000000782b00000, 0x0000000782b00000| Untracked 
|  44|0x0000000782c00000, 0x0000000782c00000, 0x0000000782d00000|  0%| F|  |TAMS 0x0000000782c00000, 0x0000000782c00000| Untracked 
|  45|0x0000000782d00000, 0x0000000782d00000, 0x0000000782e00000|  0%| F|  |TAMS 0x0000000782d00000, 0x0000000782d00000| Untracked 
|  46|0x0000000782e00000, 0x0000000782e00000, 0x0000000782f00000|  0%| F|  |TAMS 0x0000000782e00000, 0x0000000782e00000| Untracked 
|  47|0x0000000782f00000, 0x0000000782f00000, 0x0000000783000000|  0%| F|  |TAMS 0x0000000782f00000, 0x0000000782f00000| Untracked 
|  48|0x0000000783000000, 0x0000000783000000, 0x0000000783100000|  0%| F|  |TAMS 0x0000000783000000, 0x0000000783000000| Untracked 
|  49|0x0000000783100000, 0x0000000783100000, 0x0000000783200000|  0%| F|  |TAMS 0x0000000783100000, 0x0000000783100000| Untracked 
|  50|0x0000000783200000, 0x0000000783200000, 0x0000000783300000|  0%| F|  |TAMS 0x0000000783200000, 0x0000000783200000| Untracked 
|  51|0x0000000783300000, 0x0000000783300000, 0x0000000783400000|  0%| F|  |TAMS 0x0000000783300000, 0x0000000783300000| Untracked 
|  52|0x0000000783400000, 0x0000000783400000, 0x0000000783500000|  0%| F|  |TAMS 0x0000000783400000, 0x0000000783400000| Untracked 
|  53|0x0000000783500000, 0x0000000783500000, 0x0000000783600000|  0%| F|  |TAMS 0x0000000783500000, 0x0000000783500000| Untracked 
|  54|0x0000000783600000, 0x0000000783600000, 0x0000000783700000|  0%| F|  |TAMS 0x0000000783600000, 0x0000000783600000| Untracked 
|  55|0x0000000783700000, 0x0000000783700000, 0x0000000783800000|  0%| F|  |TAMS 0x0000000783700000, 0x0000000783700000| Untracked 
|  56|0x0000000783800000, 0x0000000783800000, 0x0000000783900000|  0%| F|  |TAMS 0x0000000783800000, 0x0000000783800000| Untracked 
|  57|0x0000000783900000, 0x0000000783900000, 0x0000000783a00000|  0%| F|  |TAMS 0x0000000783900000, 0x0000000783900000| Untracked 
|  58|0x0000000783a00000, 0x0000000783a00000, 0x0000000783b00000|  0%| F|  |TAMS 0x0000000783a00000, 0x0000000783a00000| Untracked 
|  59|0x0000000783b00000, 0x0000000783b00000, 0x0000000783c00000|  0%| F|  |TAMS 0x0000000783b00000, 0x0000000783b00000| Untracked 
|  60|0x0000000783c00000, 0x0000000783c00000, 0x0000000783d00000|  0%| F|  |TAMS 0x0000000783c00000, 0x0000000783c00000| Untracked 
|  61|0x0000000783d00000, 0x0000000783d00000, 0x0000000783e00000|  0%| F|  |TAMS 0x0000000783d00000, 0x0000000783d00000| Untracked 
|  62|0x0000000783e00000, 0x0000000783e00000, 0x0000000783f00000|  0%| F|  |TAMS 0x0000000783e00000, 0x0000000783e00000| Untracked 
|  63|0x0000000783f00000, 0x0000000783f00000, 0x0000000784000000|  0%| F|  |TAMS 0x0000000783f00000, 0x0000000783f00000| Untracked 
|  64|0x0000000784000000, 0x0000000784000000, 0x0000000784100000|  0%| F|  |TAMS 0x0000000784000000, 0x0000000784000000| Untracked 
|  65|0x0000000784100000, 0x0000000784100000, 0x0000000784200000|  0%| F|  |TAMS 0x0000000784100000, 0x0000000784100000| Untracked 
|  66|0x0000000784200000, 0x0000000784200000, 0x0000000784300000|  0%| F|  |TAMS 0x0000000784200000, 0x0000000784200000| Untracked 
|  67|0x0000000784300000, 0x0000000784300000, 0x0000000784400000|  0%| F|  |TAMS 0x0000000784300000, 0x0000000784300000| Untracked 
|  68|0x0000000784400000, 0x0000000784400000, 0x0000000784500000|  0%| F|  |TAMS 0x0000000784400000, 0x0000000784400000| Untracked 
|  69|0x0000000784500000, 0x0000000784500000, 0x0000000784600000|  0%| F|  |TAMS 0x0000000784500000, 0x0000000784500000| Untracked 
|  70|0x0000000784600000, 0x0000000784600000, 0x0000000784700000|  0%| F|  |TAMS 0x0000000784600000, 0x0000000784600000| Untracked 
|  71|0x0000000784700000, 0x0000000784700000, 0x0000000784800000|  0%| F|  |TAMS 0x0000000784700000, 0x0000000784700000| Untracked 
|  72|0x0000000784800000, 0x0000000784800000, 0x0000000784900000|  0%| F|  |TAMS 0x0000000784800000, 0x0000000784800000| Untracked 
|  73|0x0000000784900000, 0x0000000784900000, 0x0000000784a00000|  0%| F|  |TAMS 0x0000000784900000, 0x0000000784900000| Untracked 
|  74|0x0000000784a00000, 0x0000000784a00000, 0x0000000784b00000|  0%| F|  |TAMS 0x0000000784a00000, 0x0000000784a00000| Untracked 
|  75|0x0000000784b00000, 0x0000000784b00000, 0x0000000784c00000|  0%| F|  |TAMS 0x0000000784b00000, 0x0000000784b00000| Untracked 
|  76|0x0000000784c00000, 0x0000000784c00000, 0x0000000784d00000|  0%| F|  |TAMS 0x0000000784c00000, 0x0000000784c00000| Untracked 
|  77|0x0000000784d00000, 0x0000000784d00000, 0x0000000784e00000|  0%| F|  |TAMS 0x0000000784d00000, 0x0000000784d00000| Untracked 
|  78|0x0000000784e00000, 0x0000000784e00000, 0x0000000784f00000|  0%| F|  |TAMS 0x0000000784e00000, 0x0000000784e00000| Untracked 
|  79|0x0000000784f00000, 0x0000000784f00000, 0x0000000785000000|  0%| F|  |TAMS 0x0000000784f00000, 0x0000000784f00000| Untracked 
|  80|0x0000000785000000, 0x0000000785000000, 0x0000000785100000|  0%| F|  |TAMS 0x0000000785000000, 0x0000000785000000| Untracked 
|  81|0x0000000785100000, 0x0000000785100000, 0x0000000785200000|  0%| F|  |TAMS 0x0000000785100000, 0x0000000785100000| Untracked 
|  82|0x0000000785200000, 0x0000000785200000, 0x0000000785300000|  0%| F|  |TAMS 0x0000000785200000, 0x0000000785200000| Untracked 
|  83|0x0000000785300000, 0x0000000785300000, 0x0000000785400000|  0%| F|  |TAMS 0x0000000785300000, 0x0000000785300000| Untracked 
|  84|0x0000000785400000, 0x0000000785400000, 0x0000000785500000|  0%| F|  |TAMS 0x0000000785400000, 0x0000000785400000| Untracked 
|  85|0x0000000785500000, 0x0000000785500000, 0x0000000785600000|  0%| F|  |TAMS 0x0000000785500000, 0x0000000785500000| Untracked 
|  86|0x0000000785600000, 0x0000000785600000, 0x0000000785700000|  0%| F|  |TAMS 0x0000000785600000, 0x0000000785600000| Untracked 
|  87|0x0000000785700000, 0x0000000785700000, 0x0000000785800000|  0%| F|  |TAMS 0x0000000785700000, 0x0000000785700000| Untracked 
|  88|0x0000000785800000, 0x0000000785800000, 0x0000000785900000|  0%| F|  |TAMS 0x0000000785800000, 0x0000000785800000| Untracked 
|  89|0x0000000785900000, 0x0000000785900000, 0x0000000785a00000|  0%| F|  |TAMS 0x0000000785900000, 0x0000000785900000| Untracked 
|  90|0x0000000785a00000, 0x0000000785a00000, 0x0000000785b00000|  0%| F|  |TAMS 0x0000000785a00000, 0x0000000785a00000| Untracked 
|  91|0x0000000785b00000, 0x0000000785b00000, 0x0000000785c00000|  0%| F|  |TAMS 0x0000000785b00000, 0x0000000785b00000| Untracked 
|  92|0x0000000785c00000, 0x0000000785c00000, 0x0000000785d00000|  0%| F|  |TAMS 0x0000000785c00000, 0x0000000785c00000| Untracked 
|  93|0x0000000785d00000, 0x0000000785d00000, 0x0000000785e00000|  0%| F|  |TAMS 0x0000000785d00000, 0x0000000785d00000| Untracked 
|  94|0x0000000785e00000, 0x0000000785e00000, 0x0000000785f00000|  0%| F|  |TAMS 0x0000000785e00000, 0x0000000785e00000| Untracked 
|  95|0x0000000785f00000, 0x0000000785f00000, 0x0000000786000000|  0%| F|  |TAMS 0x0000000785f00000, 0x0000000785f00000| Untracked 
|  96|0x0000000786000000, 0x0000000786000000, 0x0000000786100000|  0%| F|  |TAMS 0x0000000786000000, 0x0000000786000000| Untracked 
|  97|0x0000000786100000, 0x0000000786100000, 0x0000000786200000|  0%| F|  |TAMS 0x0000000786100000, 0x0000000786100000| Untracked 
|  98|0x0000000786200000, 0x0000000786200000, 0x0000000786300000|  0%| F|  |TAMS 0x0000000786200000, 0x0000000786200000| Untracked 
|  99|0x0000000786300000, 0x0000000786380800, 0x0000000786400000| 50%| E|  |TAMS 0x0000000786300000, 0x0000000786300000| Complete 
| 100|0x0000000786400000, 0x0000000786500000, 0x0000000786500000|100%| E|CS|TAMS 0x0000000786400000, 0x0000000786400000| Complete 
| 101|0x0000000786500000, 0x0000000786600000, 0x0000000786600000|100%| E|CS|TAMS 0x0000000786500000, 0x0000000786500000| Complete 
| 102|0x0000000786600000, 0x0000000786660000, 0x0000000786700000| 37%| S|CS|TAMS 0x0000000786600000, 0x0000000786600000| Complete 
| 103|0x0000000786700000, 0x0000000786800000, 0x0000000786800000|100%| S|CS|TAMS 0x0000000786700000, 0x0000000786700000| Complete 
| 104|0x0000000786800000, 0x0000000786900000, 0x0000000786900000|100%| S|CS|TAMS 0x0000000786800000, 0x0000000786800000| Complete 
| 105|0x0000000786900000, 0x0000000786a00000, 0x0000000786a00000|100%| E|CS|TAMS 0x0000000786900000, 0x0000000786900000| Complete 
| 106|0x0000000786a00000, 0x0000000786b00000, 0x0000000786b00000|100%| E|CS|TAMS 0x0000000786a00000, 0x0000000786a00000| Complete 
| 107|0x0000000786b00000, 0x0000000786c00000, 0x0000000786c00000|100%| E|CS|TAMS 0x0000000786b00000, 0x0000000786b00000| Complete 
| 108|0x0000000786c00000, 0x0000000786d00000, 0x0000000786d00000|100%| E|CS|TAMS 0x0000000786c00000, 0x0000000786c00000| Complete 
| 109|0x0000000786d00000, 0x0000000786e00000, 0x0000000786e00000|100%| E|CS|TAMS 0x0000000786d00000, 0x0000000786d00000| Complete 
| 110|0x0000000786e00000, 0x0000000786f00000, 0x0000000786f00000|100%| E|CS|TAMS 0x0000000786e00000, 0x0000000786e00000| Complete 
| 111|0x0000000786f00000, 0x0000000787000000, 0x0000000787000000|100%| E|CS|TAMS 0x0000000786f00000, 0x0000000786f00000| Complete 
| 112|0x0000000787000000, 0x0000000787100000, 0x0000000787100000|100%| E|CS|TAMS 0x0000000787000000, 0x0000000787000000| Complete 
| 113|0x0000000787100000, 0x0000000787200000, 0x0000000787200000|100%| E|CS|TAMS 0x0000000787100000, 0x0000000787100000| Complete 
| 114|0x0000000787200000, 0x0000000787300000, 0x0000000787300000|100%| E|CS|TAMS 0x0000000787200000, 0x0000000787200000| Complete 
| 115|0x0000000787300000, 0x0000000787400000, 0x0000000787400000|100%| E|CS|TAMS 0x0000000787300000, 0x0000000787300000| Complete 
| 116|0x0000000787400000, 0x0000000787500000, 0x0000000787500000|100%| E|CS|TAMS 0x0000000787400000, 0x0000000787400000| Complete 
| 117|0x0000000787500000, 0x0000000787600000, 0x0000000787600000|100%| E|CS|TAMS 0x0000000787500000, 0x0000000787500000| Complete 
| 118|0x0000000787600000, 0x0000000787700000, 0x0000000787700000|100%| E|CS|TAMS 0x0000000787600000, 0x0000000787600000| Complete 
| 119|0x0000000787700000, 0x0000000787800000, 0x0000000787800000|100%| E|CS|TAMS 0x0000000787700000, 0x0000000787700000| Complete 
| 120|0x0000000787800000, 0x0000000787900000, 0x0000000787900000|100%| E|CS|TAMS 0x0000000787800000, 0x0000000787800000| Complete 
| 121|0x0000000787900000, 0x0000000787a00000, 0x0000000787a00000|100%| E|CS|TAMS 0x0000000787900000, 0x0000000787900000| Complete 
| 122|0x0000000787a00000, 0x0000000787b00000, 0x0000000787b00000|100%| E|CS|TAMS 0x0000000787a00000, 0x0000000787a00000| Complete 
| 123|0x0000000787b00000, 0x0000000787c00000, 0x0000000787c00000|100%| E|CS|TAMS 0x0000000787b00000, 0x0000000787b00000| Complete 
| 124|0x0000000787c00000, 0x0000000787d00000, 0x0000000787d00000|100%| E|CS|TAMS 0x0000000787c00000, 0x0000000787c00000| Complete 
| 125|0x0000000787d00000, 0x0000000787e00000, 0x0000000787e00000|100%| E|CS|TAMS 0x0000000787d00000, 0x0000000787d00000| Complete 
| 126|0x0000000787e00000, 0x0000000787f00000, 0x0000000787f00000|100%| E|CS|TAMS 0x0000000787e00000, 0x0000000787e00000| Complete 
| 127|0x0000000787f00000, 0x0000000788000000, 0x0000000788000000|100%| E|CS|TAMS 0x0000000787f00000, 0x0000000787f00000| Complete 
|2046|0x00000007ffe00000, 0x00000007ffe75000, 0x00000007fff00000| 45%|OA|  |TAMS 0x00000007ffe00000, 0x00000007ffe00000| Untracked 
|2047|0x00000007fff00000, 0x00000007fff7f000, 0x0000000800000000| 49%|CA|  |TAMS 0x00000007fff00000, 0x00000007fff00000| Untracked 

Card table byte_map: [0x0000000108f66000,0x0000000109366000] _byte_map_base: 0x0000000105366000

Marking Bits (Prev, Next): (CMBitMap*) 0x00007fc02b00d410, (CMBitMap*) 0x00007fc02b00d450
 Prev Bits: [0x0000000122786000, 0x0000000124786000)
 Next Bits: [0x0000000124786000, 0x0000000126786000)

Polling page: 0x000000010019d000

Metaspace:

Usage:
  Non-class:      7.00 MB used.
      Class:    910.43 KB used.
       Both:      7.89 MB used.

Virtual space:
  Non-class space:        8.00 MB reserved,       7.12 MB ( 89%) committed,  1 nodes.
      Class space:        1.00 GB reserved,       1.00 MB ( <1%) committed,  1 nodes.
             Both:        1.01 GB reserved,       8.12 MB ( <1%) committed. 

Chunk freelists:
   Non-Class:  482.00 KB
       Class:  3.03 MB
        Both:  3.50 MB

MaxMetaspaceSize: unlimited
CompressedClassSpaceSize: 1.00 GB
Initial GC threshold: 21.00 MB
Current GC threshold: 21.00 MB
CDS: on
MetaspaceReclaimPolicy: balanced
 - commit_granule_bytes: 65536.
 - commit_granule_words: 8192.
 - virtual_space_node_default_size: 1048576.
 - enlarge_chunks_in_place: 1.
 - new_chunks_are_fully_committed: 0.
 - uncommit_free_chunks: 1.
 - use_allocation_guard: 0.
 - handle_deallocations: 1.


Internal statistics:

num_allocs_failed_limit: 0.
num_arena_births: 154.
num_arena_deaths: 0.
num_vsnodes_births: 2.
num_vsnodes_deaths: 0.
num_space_committed: 130.
num_space_uncommitted: 0.
num_chunks_returned_to_freelist: 0.
num_chunks_taken_from_freelist: 192.
num_chunk_merges: 0.
num_chunk_splits: 121.
num_chunks_enlarged: 67.
num_purges: 0.
num_inconsistent_stats: 0.

CodeHeap 'non-profiled nmethods': size=120028Kb used=619Kb max_used=619Kb free=119408Kb
 bounds [0x000000011b24f000, 0x000000011b4bf000, 0x0000000122786000]
CodeHeap 'profiled nmethods': size=120028Kb used=1916Kb max_used=1916Kb free=118111Kb
 bounds [0x0000000113d18000, 0x0000000113f88000, 0x000000011b24f000]
CodeHeap 'non-nmethods': size=5704Kb used=1288Kb max_used=1354Kb free=4415Kb
 bounds [0x0000000113786000, 0x00000001139f6000, 0x0000000113d18000]
 total_blobs=1870 nmethods=1242 adapters=543
 compilation: enabled
              stopped_count=0, restarted_count=0
 full_count=0

Compilation events (20 events):
Event: 2.032 Thread 0x00007fc019808e00 1259       2       java.util.concurrent.ThreadPoolExecutor::isShutdown (12 bytes)
Event: 2.032 Thread 0x00007fc019808e00 nmethod 1259 0x0000000113ef5510 code [0x0000000113ef56a0, 0x0000000113ef57d0]
Event: 2.032 Thread 0x00007fc019808e00 1260       2       java.util.concurrent.ScheduledThreadPoolExecutor::canRunInCurrentRunState (61 bytes)
Event: 2.032 Thread 0x00007fc019808e00 nmethod 1260 0x0000000113ef5890 code [0x0000000113ef5a60, 0x0000000113ef5d40]
Event: 2.045 Thread 0x00007fc019808800 nmethod 1206 0x000000011b2df910 code [0x000000011b2dfb80, 0x000000011b2e12b0]
Event: 2.045 Thread 0x00007fc019808800 1209   !   4       javax.swing.JComponent::paintComponent (44 bytes)
Event: 2.045 Thread 0x00007fc019808e00 1265       2       java.awt.geom.Point2D::<init> (5 bytes)
Event: 2.046 Thread 0x00007fc019808e00 nmethod 1265 0x0000000113ef5f10 code [0x0000000113ef60a0, 0x0000000113ef6190]
Event: 2.047 Thread 0x00007fc019808e00 1266       1       java.awt.Component::getObjectLock (5 bytes)
Event: 2.047 Thread 0x00007fc019808e00 nmethod 1266 0x000000011b2e2390 code [0x000000011b2e2520, 0x000000011b2e25f0]
Event: 2.051 Thread 0x00007fc019808e00 1267       2       java.awt.Rectangle::<init> (9 bytes)
Event: 2.051 Thread 0x00007fc019808e00 nmethod 1267 0x0000000113ef6210 code [0x0000000113ef63a0, 0x0000000113ef64b0]
Event: 2.062 Thread 0x00007fc019808e00 1271       2       java.awt.Point::<init> (15 bytes)
Event: 2.062 Thread 0x00007fc019808e00 nmethod 1271 0x0000000113ef6590 code [0x0000000113ef6720, 0x0000000113ef6830]
Event: 2.081 Thread 0x00007fc019808800 nmethod 1209 0x000000011b2e2690 code [0x000000011b2e2980, 0x000000011b2e5b28]
Event: 2.081 Thread 0x00007fc019808800 1272  s    4       java.awt.MediaTracker::waitForID (82 bytes)
Event: 2.082 Thread 0x00007fc019808800 nmethod 1272 0x000000011b2e6e90 code [0x000000011b2e7020, 0x000000011b2e72e8]
Event: 2.082 Thread 0x00007fc019808800 1273       4       sun.lwawt.macosx.LWCToolkit::getImage (52 bytes)
Event: 2.085 Thread 0x00007fc019808e00 1274       2       sun.java2d.pipe.Region::clipRound (34 bytes)
Event: 2.086 Thread 0x00007fc019808e00 nmethod 1274 0x0000000113ef6910 code [0x0000000113ef6b00, 0x0000000113ef6ce0]

GC Heap History (2 events):
Event: 1.657 GC heap before
{Heap before GC invocations=0 (full 0):
 garbage-first heap   total 133120K, used 28624K [0x0000000780000000, 0x0000000800000000)
  region size 1024K, 23 young (23552K), 0 survivors (0K)
 Metaspace       used 7986K, committed 8256K, reserved 1056768K
  class space    used 896K, committed 1024K, reserved 1048576K
}
Event: 1.668 GC heap after
{Heap after GC invocations=1 (full 0):
 garbage-first heap   total 133120K, used 7504K [0x0000000780000000, 0x0000000800000000)
  region size 1024K, 3 young (3072K), 3 survivors (3072K)
 Metaspace       used 7986K, committed 8256K, reserved 1056768K
  class space    used 896K, committed 1024K, reserved 1048576K
}

Deoptimization events (20 events):
Event: 1.771 Thread 0x00007fc0298a9c00 Uncommon trap: trap_request=0xffffff66 fr.pc=0x000000011b2a37b4 relative=0x0000000000001194
Event: 1.771 Thread 0x00007fc0298a9c00 Uncommon trap: reason=speculate_class_check action=maybe_recompile pc=0x000000011b2a37b4 method=java.awt.Component.checkImage(Ljava/awt/Image;IILjava/awt/image/ImageObserver;)I @ 1 c2
Event: 1.772 Thread 0x00007fc0298a9c00 DEOPT PACKING pc=0x000000011b2a37b4 sp=0x00000003060c0de0
Event: 1.772 Thread 0x00007fc0298a9c00 DEOPT UNPACKING pc=0x00000001137d8093 sp=0x00000003060c0cb8 mode 2
Event: 2.015 Thread 0x00007fc0298a9c00 Uncommon trap: trap_request=0xffffffde fr.pc=0x000000011b2daf28 relative=0x0000000000000108
Event: 2.015 Thread 0x00007fc0298a9c00 Uncommon trap: reason=class_check action=maybe_recompile pc=0x000000011b2daf28 method=jdk.internal.misc.Unsafe.allocateUninitializedArray(Ljava/lang/Class;I)Ljava/lang/Object; @ 51 c2
Event: 2.015 Thread 0x00007fc0298a9c00 DEOPT PACKING pc=0x000000011b2daf28 sp=0x000000030605f410
Event: 2.015 Thread 0x00007fc0298a9c00 DEOPT UNPACKING pc=0x00000001137d8093 sp=0x000000030605f3b8 mode 2
Event: 2.016 Thread 0x00007fc0298a9c00 Uncommon trap: trap_request=0xffffffde fr.pc=0x000000011b2daf28 relative=0x0000000000000108
Event: 2.016 Thread 0x00007fc0298a9c00 Uncommon trap: reason=class_check action=maybe_recompile pc=0x000000011b2daf28 method=jdk.internal.misc.Unsafe.allocateUninitializedArray(Ljava/lang/Class;I)Ljava/lang/Object; @ 51 c2
Event: 2.016 Thread 0x00007fc0298a9c00 DEOPT PACKING pc=0x000000011b2daf28 sp=0x000000030605f280
Event: 2.016 Thread 0x00007fc0298a9c00 DEOPT UNPACKING pc=0x00000001137d8093 sp=0x000000030605f228 mode 2
Event: 2.018 Thread 0x00007fc0298a9c00 Uncommon trap: trap_request=0xffffffde fr.pc=0x000000011b2daf28 relative=0x0000000000000108
Event: 2.018 Thread 0x00007fc0298a9c00 Uncommon trap: reason=class_check action=maybe_recompile pc=0x000000011b2daf28 method=jdk.internal.misc.Unsafe.allocateUninitializedArray(Ljava/lang/Class;I)Ljava/lang/Object; @ 51 c2
Event: 2.018 Thread 0x00007fc0298a9c00 DEOPT PACKING pc=0x000000011b2daf28 sp=0x000000030605f0f0
Event: 2.018 Thread 0x00007fc0298a9c00 DEOPT UNPACKING pc=0x00000001137d8093 sp=0x000000030605f098 mode 2
Event: 2.018 Thread 0x00007fc0298a9c00 Uncommon trap: trap_request=0xffffffde fr.pc=0x000000011b2daf28 relative=0x0000000000000108
Event: 2.018 Thread 0x00007fc0298a9c00 Uncommon trap: reason=class_check action=maybe_recompile pc=0x000000011b2daf28 method=jdk.internal.misc.Unsafe.allocateUninitializedArray(Ljava/lang/Class;I)Ljava/lang/Object; @ 51 c2
Event: 2.018 Thread 0x00007fc0298a9c00 DEOPT PACKING pc=0x000000011b2daf28 sp=0x000000030605ef60
Event: 2.018 Thread 0x00007fc0298a9c00 DEOPT UNPACKING pc=0x00000001137d8093 sp=0x000000030605ef08 mode 2

Classes unloaded (0 events):
No events

Classes redefined (0 events):
No events

Internal exceptions (20 events):
Event: 1.229 Thread 0x00007fc0298a9c00 Exception <a 'java/lang/NoSuchMethodError'{0x0000000787416da8}: 'java.lang.Object java.lang.invoke.DirectMethodHandle$Holder.newInvokeSpecial(java.lang.Object, java.lang.Object, int)'> (0x0000000787416da8) 
thrown [open/src/hotspot/share/interpreter/linkResolver.cpp, line 766]
Event: 1.461 Thread 0x00007fc0298a9c00 StackOverflowError at 0x000000011b290740
Event: 1.461 Thread 0x00007fc0298a9c00 Exception <a 'java/lang/StackOverflowError'{0x00000007870be328}> (0x00000007870be328) 
thrown [open/src/hotspot/share/runtime/sharedRuntime.cpp, line 628]
Event: 1.579 Thread 0x00007fc0298a9c00 StackOverflowError at 0x000000011b290740
Event: 1.579 Thread 0x00007fc0298a9c00 Exception <a 'java/lang/StackOverflowError'{0x0000000786dfd700}> (0x0000000786dfd700) 
thrown [open/src/hotspot/share/runtime/sharedRuntime.cpp, line 628]
Event: 1.650 Thread 0x00007fc0298a9c00 StackOverflowError at 0x000000011b2aba60
Event: 1.651 Thread 0x00007fc0298a9c00 Exception <a 'java/lang/StackOverflowError'{0x000000078693c960}> (0x000000078693c960) 
thrown [open/src/hotspot/share/runtime/sharedRuntime.cpp, line 628]
Event: 1.679 Thread 0x00007fc0298a9c00 Implicit null exception at 0x000000011b2abc52 to 0x000000011b2ad000
Event: 1.764 Thread 0x00007fc0298a9c00 StackOverflowError at 0x000000011b290740
Event: 1.764 Thread 0x00007fc0298a9c00 Exception <a 'java/lang/StackOverflowError'{0x0000000787bd7eb0}> (0x0000000787bd7eb0) 
thrown [open/src/hotspot/share/runtime/sharedRuntime.cpp, line 628]
Event: 1.787 Thread 0x00007fc0298a9c00 Exception <a 'java/lang/NoSuchMethodError'{0x0000000787ab5038}: 'java.lang.Object java.lang.invoke.DirectMethodHandle$Holder.invokeSpecial(java.lang.Object, java.lang.Object, double, double)'> (0x0000000787ab5038) 
thrown [open/src/hotspot/share/interpreter/linkResolver.cpp, line 766]
Event: 1.834 Thread 0x00007fc0298a9c00 StackOverflowError at 0x000000011b290740
Event: 1.834 Thread 0x00007fc0298a9c00 Exception <a 'java/lang/StackOverflowError'{0x0000000787725d70}> (0x0000000787725d70) 
thrown [open/src/hotspot/share/runtime/sharedRuntime.cpp, line 628]
Event: 1.878 Thread 0x00007fc0298a9c00 StackOverflowError at 0x000000011b290740
Event: 1.878 Thread 0x00007fc0298a9c00 Exception <a 'java/lang/StackOverflowError'{0x00000007874604e0}> (0x00000007874604e0) 
thrown [open/src/hotspot/share/runtime/sharedRuntime.cpp, line 628]
Event: 1.937 Thread 0x00007fc0298a9c00 Exception <a 'java/lang/StackOverflowError'{0x000000078719c2f0}> (0x000000078719c2f0) 
thrown [open/src/hotspot/share/runtime/sharedRuntime.cpp, line 628]
Event: 1.985 Thread 0x00007fc0298a9c00 Exception <a 'java/lang/StackOverflowError'{0x0000000786ed85f0}> (0x0000000786ed85f0) 
thrown [open/src/hotspot/share/runtime/sharedRuntime.cpp, line 628]
Event: 2.041 Thread 0x00007fc0298a9c00 Exception <a 'java/lang/StackOverflowError'{0x0000000786a13e20}> (0x0000000786a13e20) 
thrown [open/src/hotspot/share/runtime/sharedRuntime.cpp, line 628]
Event: 2.081 Thread 0x00007fc0298a9c00 StackOverflowError at 0x0000000113e57460
Event: 2.081 Thread 0x00007fc0298a9c00 Exception <a 'java/lang/StackOverflowError'{0x000000078644f1d0}> (0x000000078644f1d0) 
thrown [open/src/hotspot/share/runtime/sharedRuntime.cpp, line 628]

VM Operations (8 events):
Event: 0.135 Executing VM operation: HandshakeAllThreads
Event: 0.135 Executing VM operation: HandshakeAllThreads done
Event: 0.410 Executing VM operation: HandshakeAllThreads
Event: 0.411 Executing VM operation: HandshakeAllThreads done
Event: 1.039 Executing VM operation: Cleanup
Event: 1.041 Executing VM operation: Cleanup done
Event: 1.655 Executing VM operation: G1CollectForAllocation
Event: 1.668 Executing VM operation: G1CollectForAllocation done

Events (20 events):
Event: 1.789 loading class java/awt/event/AWTEventListenerProxy
Event: 1.789 loading class java/awt/event/AWTEventListenerProxy done
Event: 1.789 loading class java/awt/Toolkit$SelectiveAWTEventListener
Event: 1.789 loading class java/awt/Toolkit$SelectiveAWTEventListener done
Event: 1.789 loading class java/awt/Toolkit$ToolkitEventMulticaster
Event: 1.790 loading class java/awt/Toolkit$ToolkitEventMulticaster done
Event: 1.834 Protecting memory [0x0000000305fc3000,0x0000000305fc6000] with protection modes 3
Event: 1.834 Protecting memory [0x0000000305fc3000,0x0000000305fc6000] with protection modes 0
Event: 1.878 Protecting memory [0x0000000305fc3000,0x0000000305fc6000] with protection modes 3
Event: 1.878 Protecting memory [0x0000000305fc3000,0x0000000305fc6000] with protection modes 0
Event: 1.937 Protecting memory [0x0000000305fc5000,0x0000000305fc6000] with protection modes 3
Event: 1.937 Protecting memory [0x0000000305fc5000,0x0000000305fc6000] with protection modes 0
Event: 1.985 Protecting memory [0x0000000305fc5000,0x0000000305fc6000] with protection modes 3
Event: 1.985 Protecting memory [0x0000000305fc5000,0x0000000305fc6000] with protection modes 0
Event: 2.009 loading class java/awt/image/BufferedImageOp
Event: 2.009 loading class java/awt/image/BufferedImageOp done
Event: 2.041 Protecting memory [0x0000000305fc5000,0x0000000305fc6000] with protection modes 3
Event: 2.041 Protecting memory [0x0000000305fc5000,0x0000000305fc6000] with protection modes 0
Event: 2.081 Protecting memory [0x0000000305fc3000,0x0000000305fc6000] with protection modes 3
Event: 2.081 Protecting memory [0x0000000305fc3000,0x0000000305fc6000] with protection modes 0


Dynamic libraries:
0x00000001087cf000 	/Users/illuha2uha/Library/Java/JavaVirtualMachines/openjdk-17/Contents/Home/lib/libjli.dylib
0x00007ff80fd1e000 	/usr/lib/libz.1.dylib
0x00007ff80fe04000 	/usr/lib/libSystem.B.dylib
0x00007ff80fdff000 	/usr/lib/system/libcache.dylib
0x00007ff80fdbb000 	/usr/lib/system/libcommonCrypto.dylib
0x00007ff80fde4000 	/usr/lib/system/libcompiler_rt.dylib
0x00007ff80fdda000 	/usr/lib/system/libcopyfile.dylib
0x00007ff80496e000 	/usr/lib/system/libcorecrypto.dylib
0x00007ff804a2d000 	/usr/lib/system/libdispatch.dylib
0x00007ff804bef000 	/usr/lib/system/libdyld.dylib
0x00007ff80fdf6000 	/usr/lib/system/libkeymgr.dylib
0x00007ff80fd99000 	/usr/lib/system/libmacho.dylib
0x00007ff80f42a000 	/usr/lib/system/libquarantine.dylib
0x00007ff80fdf4000 	/usr/lib/system/libremovefile.dylib
0x00007ff809a6d000 	/usr/lib/system/libsystem_asl.dylib
0x00007ff80491c000 	/usr/lib/system/libsystem_blocks.dylib
0x00007ff804ab4000 	/usr/lib/system/libsystem_c.dylib
0x00007ff80fdec000 	/usr/lib/system/libsystem_collections.dylib
0x00007ff80e660000 	/usr/lib/system/libsystem_configuration.dylib
0x00007ff80d920000 	/usr/lib/system/libsystem_containermanager.dylib
0x00007ff80fad2000 	/usr/lib/system/libsystem_coreservices.dylib
0x00007ff80713b000 	/usr/lib/system/libsystem_darwin.dylib
0x00007ff80fdf7000 	/usr/lib/system/libsystem_dnssd.dylib
0x00007ff804ab1000 	/usr/lib/system/libsystem_featureflags.dylib
0x00007ff804c05000 	/usr/lib/system/libsystem_info.dylib
0x00007ff80fd31000 	/usr/lib/system/libsystem_m.dylib
0x00007ff804a01000 	/usr/lib/system/libsystem_malloc.dylib
0x00007ff809a0a000 	/usr/lib/system/libsystem_networkextension.dylib
0x00007ff807563000 	/usr/lib/system/libsystem_notify.dylib
0x00007ff815ff1000 	/usr/lib/system/libsystem_product_info_filter.dylib
0x00007ff80e664000 	/usr/lib/system/libsystem_sandbox.dylib
0x00007ff80fdf1000 	/usr/lib/system/libsystem_secinit.dylib
0x00007ff804bac000 	/usr/lib/system/libsystem_kernel.dylib
0x00007ff804bfb000 	/usr/lib/system/libsystem_platform.dylib
0x00007ff804be3000 	/usr/lib/system/libsystem_pthread.dylib
0x00007ff80b331000 	/usr/lib/system/libsystem_symptoms.dylib
0x00007ff804955000 	/usr/lib/system/libsystem_trace.dylib
0x00007ff80fdc7000 	/usr/lib/system/libunwind.dylib
0x00007ff80491e000 	/usr/lib/system/libxpc.dylib
0x00007ff804b96000 	/usr/lib/libc++abi.dylib
0x00007ff804a74000 	/usr/lib/libobjc.A.dylib
0x00007ff80fdd2000 	/usr/lib/liboah.dylib
0x00007ff804b3d000 	/usr/lib/libc++.1.dylib
0x00007ff81bd20000 	/System/Library/Frameworks/Cocoa.framework/Versions/A/Cocoa
0x00007ff8075c1000 	/System/Library/Frameworks/AppKit.framework/Versions/C/AppKit
0x00007ff80ab11000 	/System/Library/Frameworks/CoreData.framework/Versions/A/CoreData
0x00007ff8059dc000 	/System/Library/Frameworks/Foundation.framework/Versions/C/Foundation
0x00007ff80844e000 	/System/Library/PrivateFrameworks/UIFoundation.framework/Versions/A/UIFoundation
0x00007ff815cf8000 	/System/Library/PrivateFrameworks/RemoteViewServices.framework/Versions/A/RemoteViewServices
0x00007ff80dff7000 	/System/Library/PrivateFrameworks/XCTTargetBootstrap.framework/Versions/A/XCTTargetBootstrap
0x00007ff811ccf000 	/System/Library/PrivateFrameworks/InternationalSupport.framework/Versions/A/InternationalSupport
0x00007ff811d59000 	/System/Library/PrivateFrameworks/UserActivity.framework/Versions/A/UserActivity
0x00007ff8110b6000 	/usr/lib/libspindump.dylib
0x00007ff8086dc000 	/System/Library/Frameworks/UniformTypeIdentifiers.framework/Versions/A/UniformTypeIdentifiers
0x00007ff80c736000 	/usr/lib/libapp_launch_measurement.dylib
0x00007ff80b4eb000 	/System/Library/PrivateFrameworks/CoreAnalytics.framework/Versions/A/CoreAnalytics
0x00007ff80c739000 	/System/Library/PrivateFrameworks/CoreAutoLayout.framework/Versions/A/CoreAutoLayout
0x00007ff80d958000 	/System/Library/Frameworks/Metal.framework/Versions/A/Metal
0x00007ff80e66f000 	/usr/lib/liblangid.dylib
0x00007ff80dffb000 	/System/Library/PrivateFrameworks/CoreSVG.framework/Versions/A/CoreSVG
0x00007ff809a9e000 	/System/Library/PrivateFrameworks/SkyLight.framework/Versions/A/SkyLight
0x00007ff809e2f000 	/System/Library/Frameworks/CoreGraphics.framework/Versions/A/CoreGraphics
0x00007ff816363000 	/System/Library/Frameworks/Accelerate.framework/Versions/A/Accelerate
0x00007ff810b31000 	/System/Library/PrivateFrameworks/IconServices.framework/Versions/A/IconServices
0x00007ff80d93d000 	/System/Library/Frameworks/IOSurface.framework/Versions/A/IOSurface
0x00007ff80b519000 	/usr/lib/libDiagnosticMessagesClient.dylib
0x00007ff8199c2000 	/System/Library/Frameworks/ApplicationServices.framework/Versions/A/ApplicationServices
0x00007ff80dfe3000 	/System/Library/PrivateFrameworks/DFRFoundation.framework/Versions/A/DFRFoundation
0x00007ff806eb2000 	/usr/lib/libicucore.A.dylib
0x00007ff8129f1000 	/System/Library/Frameworks/AudioToolbox.framework/Versions/A/AudioToolbox
0x00007ff811cdb000 	/System/Library/PrivateFrameworks/DataDetectorsCore.framework/Versions/A/DataDetectorsCore
0x00007ff90d470000 	/System/Library/PrivateFrameworks/TextInput.framework/Versions/A/TextInput
0x00007ff809a21000 	/usr/lib/libMobileGestalt.dylib
0x00007ff80dceb000 	/System/Library/Frameworks/Carbon.framework/Versions/A/Frameworks/HIToolbox.framework/Versions/A/HIToolbox
0x00007ff80c164000 	/System/Library/Frameworks/QuartzCore.framework/Versions/A/QuartzCore
0x00007ff806b53000 	/System/Library/Frameworks/Security.framework/Versions/A/Security
0x00007ff815d30000 	/System/Library/Frameworks/Carbon.framework/Versions/A/Frameworks/SpeechRecognition.framework/Versions/A/SpeechRecognition
0x00007ff80c496000 	/System/Library/PrivateFrameworks/CoreUI.framework/Versions/A/CoreUI
0x00007ff80642d000 	/System/Library/Frameworks/CoreAudio.framework/Versions/A/CoreAudio
0x00007ff80b607000 	/System/Library/Frameworks/DiskArbitration.framework/Versions/A/DiskArbitration
0x00007ff811499000 	/System/Library/PrivateFrameworks/MultitouchSupport.framework/Versions/A/MultitouchSupport
0x00007ff809a20000 	/usr/lib/libenergytrace.dylib
0x00007ff8074ad000 	/System/Library/Frameworks/IOKit.framework/Versions/A/IOKit
0x00007ff81611a000 	/System/Library/Frameworks/CoreServices.framework/Versions/A/CoreServices
0x00007ff80c6d0000 	/System/Library/PrivateFrameworks/PerformanceAnalysis.framework/Versions/A/PerformanceAnalysis
0x00007ffa1cedf000 	/System/Library/Frameworks/OpenGL.framework/Versions/A/OpenGL
0x00007ff80f356000 	/System/Library/PrivateFrameworks/MobileKeyBag.framework/Versions/A/MobileKeyBag
0x00007ff80a55e000 	/System/Library/Frameworks/ColorSync.framework/Versions/A/ColorSync
0x00007ff804c30000 	/System/Library/Frameworks/CoreFoundation.framework/Versions/A/CoreFoundation
0x00007ff80e276000 	/System/Library/Frameworks/CoreImage.framework/Versions/A/CoreImage
0x00007ff806243000 	/System/Library/Frameworks/CoreText.framework/Versions/A/CoreText
0x00007ff80e02a000 	/System/Library/Frameworks/ImageIO.framework/Versions/A/ImageIO
0x00007ff80fe0a000 	/System/Library/PrivateFrameworks/SoftLinking.framework/Versions/A/SoftLinking
0x00007ff80c781000 	/usr/lib/libxml2.2.dylib
0x00007ff81008a000 	/usr/lib/libcompression.dylib
0x00007ff811c05000 	/System/Library/PrivateFrameworks/TextureIO.framework/Versions/A/TextureIO
0x00007ff8107aa000 	/usr/lib/libate.dylib
0x00007ff810563000 	/usr/lib/liblzma.5.dylib
0x00007ff8056ed000 	/System/Library/Frameworks/SystemConfiguration.framework/Versions/A/SystemConfiguration
0x00007ff80fe06000 	/usr/lib/libfakelink.dylib
0x00007ff809574000 	/System/Library/Frameworks/CFNetwork.framework/Versions/A/CFNetwork
0x00007ff80ff45000 	/usr/lib/libarchive.2.dylib
0x00007ff80e66b000 	/System/Library/PrivateFrameworks/AppleSystemInfo.framework/Versions/A/AppleSystemInfo
0x00007ff80f450000 	/usr/lib/libbsm.0.dylib
0x00007ff808bab000 	/usr/lib/libnetwork.dylib
0x00007ff80fd9f000 	/usr/lib/system/libkxld.dylib
0x00007ff80f07f000 	/System/Library/PrivateFrameworks/IOMobileFramebuffer.framework/Versions/A/IOMobileFramebuffer
0x00007ffb1a881000 	/usr/lib/libCoreEntitlements.dylib
0x00007ff80fab4000 	/System/Library/PrivateFrameworks/AppleFSCompression.framework/Versions/A/AppleFSCompression
0x00007ff80f439000 	/usr/lib/libcoretls.dylib
0x00007ff81057d000 	/usr/lib/libcoretls_cfhelpers.dylib
0x00007ff810085000 	/usr/lib/libpam.2.dylib
0x00007ff80af57000 	/usr/lib/libsqlite3.dylib
0x00007ff8105ec000 	/usr/lib/libxar.1.dylib
0x00007ff80fac4000 	/usr/lib/libbz2.1.0.dylib
0x00007ff80fe0b000 	/usr/lib/libpcap.A.dylib
0x00007ff80b328000 	/usr/lib/libdns_services.dylib
0x00007ff810057000 	/usr/lib/libapple_nghttp2.dylib
0x00007ff80fe42000 	/usr/lib/libiconv.2.dylib
0x00007ff80fd98000 	/usr/lib/libcharset.1.dylib
0x00007ff80c704000 	/System/Library/Frameworks/CoreServices.framework/Versions/A/Frameworks/FSEvents.framework/Versions/A/FSEvents
0x00007ff807145000 	/System/Library/Frameworks/CoreServices.framework/Versions/A/Frameworks/CarbonCore.framework/Versions/A/CarbonCore
0x00007ff80b56c000 	/System/Library/Frameworks/CoreServices.framework/Versions/A/Frameworks/Metadata.framework/Versions/A/Metadata
0x00007ff80fad7000 	/System/Library/Frameworks/CoreServices.framework/Versions/A/Frameworks/OSServices.framework/Versions/A/OSServices
0x00007ff80ffcb000 	/System/Library/Frameworks/CoreServices.framework/Versions/A/Frameworks/SearchKit.framework/Versions/A/SearchKit
0x00007ff80b2ba000 	/System/Library/Frameworks/CoreServices.framework/Versions/A/Frameworks/AE.framework/Versions/A/AE
0x00007ff805131000 	/System/Library/Frameworks/CoreServices.framework/Versions/A/Frameworks/LaunchServices.framework/Versions/A/LaunchServices
0x00007ff810514000 	/System/Library/Frameworks/CoreServices.framework/Versions/A/Frameworks/DictionaryServices.framework/Versions/A/DictionaryServices
0x00007ff80c711000 	/System/Library/Frameworks/CoreServices.framework/Versions/A/Frameworks/SharedFileList.framework/Versions/A/SharedFileList
0x00007ff80f42d000 	/usr/lib/libCheckFix.dylib
0x00007ff809a84000 	/System/Library/PrivateFrameworks/TCC.framework/Versions/A/TCC
0x00007ff80e671000 	/System/Library/PrivateFrameworks/CoreNLP.framework/Versions/A/CoreNLP
0x00007ff80b51c000 	/System/Library/PrivateFrameworks/MetadataUtilities.framework/Versions/A/MetadataUtilities
0x00007ff80579d000 	/usr/lib/libmecabra.dylib
0x00007ff80f460000 	/usr/lib/libmecab.dylib
0x00007ff805768000 	/usr/lib/libCRFSuite.dylib
0x00007ff80f4bd000 	/usr/lib/libgermantok.dylib
0x00007ff810032000 	/usr/lib/libThaiTokenizer.dylib
0x00007ff80b60e000 	/System/Library/Frameworks/Accelerate.framework/Versions/A/Frameworks/vImage.framework/Versions/A/vImage
0x00007ff8160f1000 	/System/Library/Frameworks/Accelerate.framework/Versions/A/Frameworks/vecLib.framework/Versions/A/vecLib
0x00007ff81062d000 	/System/Library/Frameworks/Accelerate.framework/Versions/A/Frameworks/vecLib.framework/Versions/A/libvMisc.dylib
0x00007ff80ee73000 	/System/Library/Frameworks/Accelerate.framework/Versions/A/Frameworks/vecLib.framework/Versions/A/libvDSP.dylib
0x00007ff8054a9000 	/System/Library/Frameworks/Accelerate.framework/Versions/A/Frameworks/vecLib.framework/Versions/A/libBLAS.dylib
0x00007ff810167000 	/System/Library/Frameworks/Accelerate.framework/Versions/A/Frameworks/vecLib.framework/Versions/A/libLAPACK.dylib
0x00007ff80f4c0000 	/System/Library/Frameworks/Accelerate.framework/Versions/A/Frameworks/vecLib.framework/Versions/A/libLinearAlgebra.dylib
0x00007ff810070000 	/System/Library/Frameworks/Accelerate.framework/Versions/A/Frameworks/vecLib.framework/Versions/A/libSparseBLAS.dylib
0x00007ff810161000 	/System/Library/Frameworks/Accelerate.framework/Versions/A/Frameworks/vecLib.framework/Versions/A/libQuadrature.dylib
0x00007ff80e75b000 	/System/Library/Frameworks/Accelerate.framework/Versions/A/Frameworks/vecLib.framework/Versions/A/libBNNS.dylib
0x00007ff80567e000 	/System/Library/Frameworks/Accelerate.framework/Versions/A/Frameworks/vecLib.framework/Versions/A/libSparse.dylib
0x00007ff80e754000 	/System/Library/PrivateFrameworks/LinguisticData.framework/Versions/A/LinguisticData
0x00007ff805633000 	/System/Library/PrivateFrameworks/Lexicon.framework/Versions/A/Lexicon
0x00007ff810626000 	/usr/lib/libChineseTokenizer.dylib
0x00007ff805d97000 	/System/Library/PrivateFrameworks/LanguageModeling.framework/Versions/A/LanguageModeling
0x00007ff810034000 	/System/Library/PrivateFrameworks/AppleSauce.framework/Versions/A/AppleSauce
0x00007ff80f06d000 	/System/Library/PrivateFrameworks/CoreEmoji.framework/Versions/A/CoreEmoji
0x00007ff80ff34000 	/usr/lib/libcmph.dylib
0x00007ff80c6e8000 	/System/Library/Frameworks/OpenDirectory.framework/Versions/A/Frameworks/CFOpenDirectory.framework/Versions/A/CFOpenDirectory
0x00007ff80c6dc000 	/System/Library/Frameworks/OpenDirectory.framework/Versions/A/OpenDirectory
0x00007ff81057f000 	/System/Library/PrivateFrameworks/APFS.framework/Versions/A/APFS
0x00007ff80f38e000 	/System/Library/Frameworks/SecurityFoundation.framework/Versions/A/SecurityFoundation
0x00007ff8105fa000 	/usr/lib/libutil.dylib
0x00007ff807470000 	/System/Library/PrivateFrameworks/CoreServicesStore.framework/Versions/A/CoreServicesStore
0x00007ff8105fe000 	/usr/lib/libxslt.1.dylib
0x00007ff80f41b000 	/System/Library/PrivateFrameworks/BackgroundTaskManagement.framework/Versions/A/BackgroundTaskManagement
0x00007ff811b27000 	/System/Library/Frameworks/ImageIO.framework/Versions/A/Resources/libRadiance.dylib
0x00007ff811b30000 	/System/Library/Frameworks/ImageIO.framework/Versions/A/Resources/libJPEG.dylib
0x00007ff811a81000 	/System/Library/Frameworks/ImageIO.framework/Versions/A/Resources/libPng.dylib
0x00007ff811aa2000 	/System/Library/Frameworks/ImageIO.framework/Versions/A/Resources/libTIFF.dylib
0x00007ff811b8e000 	/System/Library/Frameworks/ImageIO.framework/Versions/A/Resources/libGIF.dylib
0x00007ff8113b6000 	/System/Library/Frameworks/ImageIO.framework/Versions/A/Resources/libJP2.dylib
0x00007ff810af8000 	/usr/lib/libexpat.1.dylib
0x00007ff81136b000 	/System/Library/PrivateFrameworks/AppleJPEG.framework/Versions/A/AppleJPEG
0x00007ff80dbb2000 	/System/Library/PrivateFrameworks/FontServices.framework/libFontParser.dylib
0x00007ff80b264000 	/System/Library/PrivateFrameworks/RunningBoardServices.framework/Versions/A/RunningBoardServices
0x00007ff81c291000 	/System/Library/PrivateFrameworks/IOSurfaceAccelerator.framework/Versions/A/IOSurfaceAccelerator
0x00007ff811495000 	/System/Library/PrivateFrameworks/WatchdogClient.framework/Versions/A/WatchdogClient
0x00007ff805e86000 	/System/Library/Frameworks/CoreDisplay.framework/Versions/A/CoreDisplay
0x00007ff80dab2000 	/System/Library/Frameworks/CoreMedia.framework/Versions/A/CoreMedia
0x00007ff80d94f000 	/System/Library/PrivateFrameworks/IOAccelerator.framework/Versions/A/IOAccelerator
0x00007ff80c864000 	/System/Library/Frameworks/CoreVideo.framework/Versions/A/CoreVideo
0x00007ff810083000 	/System/Library/Frameworks/MetalPerformanceShaders.framework/Versions/A/MetalPerformanceShaders
0x00007ff8114d0000 	/System/Library/Frameworks/VideoToolbox.framework/Versions/A/VideoToolbox
0x00007ff80b1ac000 	/System/Library/PrivateFrameworks/BaseBoard.framework/Versions/A/BaseBoard
0x00007ff80af3d000 	/System/Library/PrivateFrameworks/ProtocolBuffer.framework/Versions/A/ProtocolBuffer
0x00007ff811b20000 	/System/Library/PrivateFrameworks/GPUWrangler.framework/Versions/A/GPUWrangler
0x00007ff811b03000 	/System/Library/PrivateFrameworks/IOPresentment.framework/Versions/A/IOPresentment
0x00007ff811b2a000 	/System/Library/PrivateFrameworks/DSExternalDisplay.framework/Versions/A/DSExternalDisplay
0x00007ffa1ced3000 	/System/Library/Frameworks/OpenGL.framework/Versions/A/Libraries/libCoreFSCache.dylib
0x00007ffb08e80000 	/System/Library/PrivateFrameworks/GPUCompiler.framework/Versions/31001/Libraries/libGPUCompilerUtils.dylib
0x00007ff811b93000 	/System/Library/PrivateFrameworks/CMCaptureCore.framework/Versions/A/CMCaptureCore
0x00007ff8110a4000 	/System/Library/PrivateFrameworks/AppServerSupport.framework/Versions/A/AppServerSupport
0x00007ff81326e000 	/System/Library/PrivateFrameworks/perfdata.framework/Versions/A/perfdata
0x00007ff805fb2000 	/System/Library/PrivateFrameworks/AudioToolboxCore.framework/Versions/A/AudioToolboxCore
0x00007ff80da8f000 	/System/Library/PrivateFrameworks/caulk.framework/Versions/A/caulk
0x00007ff812b9b000 	/usr/lib/libAudioStatistics.dylib
0x00007ff909d2f000 	/System/Library/PrivateFrameworks/SystemPolicy.framework/Versions/A/SystemPolicy
0x00007ff812de7000 	/usr/lib/libSMC.dylib
0x00007ff81bbd3000 	/System/Library/Frameworks/CoreMIDI.framework/Versions/A/CoreMIDI
0x00007ff811a51000 	/usr/lib/libAudioToolboxUtility.dylib
0x00007ff9061b7000 	/System/Library/PrivateFrameworks/OSAServicesClient.framework/Versions/A/OSAServicesClient
0x00007ff81327b000 	/usr/lib/libperfcheck.dylib
0x00007ff90a7bb000 	/usr/lib/libmis.dylib
0x00007ffa1cf2f000 	/System/Library/Frameworks/OpenGL.framework/Versions/A/Libraries/libGLU.dylib
0x00007ffa1cef2000 	/System/Library/Frameworks/OpenGL.framework/Versions/A/Libraries/libGFXShared.dylib
0x00007ffa1d100000 	/System/Library/Frameworks/OpenGL.framework/Versions/A/Libraries/libGL.dylib
0x00007ffa1cefb000 	/System/Library/Frameworks/OpenGL.framework/Versions/A/Libraries/libGLImage.dylib
0x00007ffa1ceef000 	/System/Library/Frameworks/OpenGL.framework/Versions/A/Libraries/libCVMSPluginSupport.dylib
0x00007ffa1ceda000 	/System/Library/Frameworks/OpenGL.framework/Versions/A/Libraries/libCoreVMClient.dylib
0x00007ff80e5ef000 	/System/Library/Frameworks/MetalPerformanceShaders.framework/Versions/A/Frameworks/MPSCore.framework/Versions/A/MPSCore
0x00007ff80fa1f000 	/System/Library/Frameworks/MetalPerformanceShaders.framework/Versions/A/Frameworks/MPSImage.framework/Versions/A/MPSImage
0x00007ff80f4d6000 	/System/Library/Frameworks/MetalPerformanceShaders.framework/Versions/A/Frameworks/MPSNeuralNetwork.framework/Versions/A/MPSNeuralNetwork
0x00007ff80f94b000 	/System/Library/Frameworks/MetalPerformanceShaders.framework/Versions/A/Frameworks/MPSMatrix.framework/Versions/A/MPSMatrix
0x00007ff80f707000 	/System/Library/Frameworks/MetalPerformanceShaders.framework/Versions/A/Frameworks/MPSRayIntersector.framework/Versions/A/MPSRayIntersector
0x00007ff80f984000 	/System/Library/Frameworks/MetalPerformanceShaders.framework/Versions/A/Frameworks/MPSNDArray.framework/Versions/A/MPSNDArray
0x00007ffa21ad8000 	/System/Library/Frameworks/MetalPerformanceShaders.framework/Versions/A/Frameworks/MPSFunctions.framework/Versions/A/MPSFunctions
0x00007ff80538c000 	/System/Library/PrivateFrameworks/MetalTools.framework/Versions/A/MetalTools
0x00007ff80e669000 	/System/Library/PrivateFrameworks/AggregateDictionary.framework/Versions/A/AggregateDictionary
0x00007ff8108da000 	/usr/lib/libIOReport.dylib
0x00007ffa1e50f000 	/System/Library/Frameworks/OpenCL.framework/Versions/A/OpenCL
0x00007ff810c3e000 	/System/Library/PrivateFrameworks/FaceCore.framework/Versions/A/FaceCore
0x00007ff810c2f000 	/System/Library/PrivateFrameworks/GraphVisualizer.framework/Versions/A/GraphVisualizer
0x00007ffb08d8b000 	/System/Library/PrivateFrameworks/FontServices.framework/Versions/A/FontServices
0x00007ff81105b000 	/System/Library/PrivateFrameworks/OTSVG.framework/Versions/A/OTSVG
0x00007ff80c44c000 	/System/Library/Frameworks/ApplicationServices.framework/Versions/A/Frameworks/ATS.framework/Versions/A/Resources/libFontRegistry.dylib
0x00007ff8110ac000 	/System/Library/PrivateFrameworks/FontServices.framework/libhvf.dylib
0x00007ffb08d8c000 	/System/Library/PrivateFrameworks/FontServices.framework/libXTFontStaticRegistryData.dylib
0x00007ff810aa8000 	/System/Library/PrivateFrameworks/AppleVA.framework/Versions/A/AppleVA
0x00007ff812bbb000 	/System/Library/Frameworks/ApplicationServices.framework/Versions/A/Frameworks/ATS.framework/Versions/A/ATS
0x00007ff80a65a000 	/System/Library/Frameworks/ApplicationServices.framework/Versions/A/Frameworks/HIServices.framework/Versions/A/HIServices
0x00007ff811b9d000 	/System/Library/Frameworks/ApplicationServices.framework/Versions/A/Frameworks/PrintCore.framework/Versions/A/PrintCore
0x00007ff812f3a000 	/System/Library/Frameworks/ApplicationServices.framework/Versions/A/Frameworks/QD.framework/Versions/A/QD
0x00007ff812f32000 	/System/Library/Frameworks/ApplicationServices.framework/Versions/A/Frameworks/ColorSyncLegacy.framework/Versions/A/ColorSyncLegacy
0x00007ff812bab000 	/System/Library/Frameworks/ApplicationServices.framework/Versions/A/Frameworks/SpeechSynthesis.framework/Versions/A/SpeechSynthesis
0x00007ff811b5e000 	/System/Library/Frameworks/ApplicationServices.framework/Versions/A/Frameworks/ATSUI.framework/Versions/A/ATSUI
0x00007ff812ec7000 	/usr/lib/libcups.2.dylib
0x00007ff81328a000 	/System/Library/Frameworks/Kerberos.framework/Versions/A/Kerberos
0x00007ff813299000 	/System/Library/Frameworks/GSS.framework/Versions/A/GSS
0x00007ff812c27000 	/usr/lib/libresolv.9.dylib
0x00007ff8110bb000 	/System/Library/PrivateFrameworks/Heimdal.framework/Versions/A/Heimdal
0x00007ff819d3d000 	/System/Library/Frameworks/Kerberos.framework/Versions/A/Libraries/libHeimdalProxy.dylib
0x00007ff80b339000 	/System/Library/Frameworks/Network.framework/Versions/A/Network
0x00007ff810b12000 	/usr/lib/libheimdal-asn1.dylib
0x00007ff8132e4000 	/System/Library/PrivateFrameworks/CommonAuth.framework/Versions/A/CommonAuth
0x00007ff812b2c000 	/System/Library/PrivateFrameworks/AudioSession.framework/Versions/A/AudioSession
0x00007ff810ba2000 	/System/Library/PrivateFrameworks/MediaExperience.framework/Versions/A/MediaExperience
0x00007ff8129c0000 	/System/Library/PrivateFrameworks/AudioSession.framework/libSessionUtility.dylib
0x00007ff812f46000 	/System/Library/PrivateFrameworks/AudioResourceArbitration.framework/Versions/A/AudioResourceArbitration
0x00007ff810b1b000 	/System/Library/PrivateFrameworks/IconFoundation.framework/Versions/A/IconFoundation
0x00007ff815d20000 	/System/Library/PrivateFrameworks/SpeechRecognitionCore.framework/Versions/A/SpeechRecognitionCore
0x0000000109853000 	/Users/illuha2uha/Library/Java/JavaVirtualMachines/openjdk-17/Contents/Home/lib/server/libjvm.dylib
0x000000010885f000 	/Users/illuha2uha/Library/Java/JavaVirtualMachines/openjdk-17/Contents/Home/lib/libjimage.dylib
0x0000000108891000 	/Users/illuha2uha/Library/Java/JavaVirtualMachines/openjdk-17/Contents/Home/lib/libinstrument.dylib
0x00000001088e8000 	/Users/illuha2uha/Library/Java/JavaVirtualMachines/openjdk-17/Contents/Home/lib/libjava.dylib
0x000000012aced000 	/Users/illuha2uha/Library/Java/JavaVirtualMachines/openjdk-17/Contents/Home/lib/libzip.dylib
0x000000012ad2b000 	/Users/illuha2uha/Library/Java/JavaVirtualMachines/openjdk-17/Contents/Home/lib/libnio.dylib
0x000000012ad82000 	/Users/illuha2uha/Library/Java/JavaVirtualMachines/openjdk-17/Contents/Home/lib/libnet.dylib
0x000000012ae47000 	/Users/illuha2uha/Library/Java/JavaVirtualMachines/openjdk-17/Contents/Home/lib/libextnet.dylib
0x000000012aefe000 	/Users/illuha2uha/Library/Java/JavaVirtualMachines/openjdk-17/Contents/Home/lib/libawt.dylib
0x000000012b08b000 	/Users/illuha2uha/Library/Java/JavaVirtualMachines/openjdk-17/Contents/Home/lib/libmlib_image.dylib
0x00007ffa21a46000 	/System/Library/Frameworks/JavaRuntimeSupport.framework/Versions/A/JavaRuntimeSupport
0x00007ff909880000 	/System/Library/Frameworks/Carbon.framework/Versions/A/Carbon
0x00007ff818176000 	/System/Library/PrivateFrameworks/CoreSymbolication.framework/Versions/A/CoreSymbolication
0x00007ff81d5d7000 	/System/Library/Frameworks/Carbon.framework/Versions/A/Frameworks/CommonPanels.framework/Versions/A/CommonPanels
0x00007ff819744000 	/System/Library/Frameworks/Carbon.framework/Versions/A/Frameworks/Help.framework/Versions/A/Help
0x00007ff81d5db000 	/System/Library/Frameworks/Carbon.framework/Versions/A/Frameworks/ImageCapture.framework/Versions/A/ImageCapture
0x00007ff81d5ab000 	/System/Library/Frameworks/Carbon.framework/Versions/A/Frameworks/OpenScripting.framework/Versions/A/OpenScripting
0x00007ff81d5d3000 	/System/Library/Frameworks/Carbon.framework/Versions/A/Frameworks/Ink.framework/Versions/A/Ink
0x00007ff90987c000 	/System/Library/Frameworks/Carbon.framework/Versions/A/Frameworks/Print.framework/Versions/A/Print
0x00007ff81d5cf000 	/System/Library/Frameworks/Carbon.framework/Versions/A/Frameworks/SecurityHI.framework/Versions/A/SecurityHI
0x00007ff81813b000 	/System/Library/PrivateFrameworks/DebugSymbols.framework/Versions/A/DebugSymbols
0x000000012b2ed000 	/Users/illuha2uha/Library/Java/JavaVirtualMachines/openjdk-17/Contents/Home/lib/libawt_lwawt.dylib
0x000000012ae88000 	/Users/illuha2uha/Library/Java/JavaVirtualMachines/openjdk-17/Contents/Home/lib/libosxapp.dylib
0x00007ff908ce1000 	/System/Library/Frameworks/ExceptionHandling.framework/Versions/A/ExceptionHandling
0x000000012b712000 	/Users/illuha2uha/Library/Java/JavaVirtualMachines/openjdk-17/Contents/Home/lib/libfontmanager.dylib
0x000000012b584000 	/Users/illuha2uha/Library/Java/JavaVirtualMachines/openjdk-17/Contents/Home/lib/libfreetype.dylib
0x00007ff807431000 	/System/Library/PrivateFrameworks/CoreServicesInternal.framework/Versions/A/CoreServicesInternal
0x00007ff8174f1000 	/System/Library/Frameworks/FileProvider.framework/Versions/A/FileProvider
0x00007ff80b118000 	/System/Library/Frameworks/Accounts.framework/Versions/A/Accounts
0x00007ff817669000 	/System/Library/PrivateFrameworks/GenerationalStorage.framework/Versions/A/GenerationalStorage
0x00007ff816ef5000 	/System/Library/PrivateFrameworks/SymptomDiagnosticReporter.framework/Versions/A/SymptomDiagnosticReporter
0x00007ff8086f0000 	/System/Library/PrivateFrameworks/DesktopServicesPriv.framework/Versions/A/DesktopServicesPriv
0x00007ff807572000 	/usr/lib/libsandbox.1.dylib
0x00007ff80c8e2000 	/System/Library/PrivateFrameworks/UserManagement.framework/Versions/A/UserManagement
0x00007ff812f27000 	/System/Library/PrivateFrameworks/NetAuth.framework/Versions/A/NetAuth
0x00007ff813e13000 	/System/Library/PrivateFrameworks/Sharing.framework/Versions/A/Sharing
0x00007ff80c8b5000 	/System/Library/PrivateFrameworks/login.framework/Versions/A/Frameworks/loginsupport.framework/Versions/A/loginsupport
0x00007ff819273000 	/System/Library/PrivateFrameworks/Apple80211.framework/Versions/A/Apple80211
0x00007ff80fb04000 	/System/Library/PrivateFrameworks/AuthKit.framework/Versions/A/AuthKit
0x00007ff80f163000 	/System/Library/PrivateFrameworks/CoreUtils.framework/Versions/A/CoreUtils
0x00007ff80f08a000 	/System/Library/Frameworks/CoreWLAN.framework/Versions/A/CoreWLAN
0x00007ff813f6e000 	/System/Library/Frameworks/IOBluetooth.framework/Versions/A/IOBluetooth
0x00007ff8192db000 	/System/Library/PrivateFrameworks/CoreWiFi.framework/Versions/A/CoreWiFi
0x00007ff817d10000 	/System/Library/PrivateFrameworks/FrontBoardServices.framework/Versions/A/FrontBoardServices
0x00007ff817da2000 	/System/Library/PrivateFrameworks/BoardServices.framework/Versions/A/BoardServices
0x00007ff80f37d000 	/System/Library/PrivateFrameworks/AssertionServices.framework/Versions/A/AssertionServices
0x00007ff81945f000 	/System/Library/PrivateFrameworks/BackBoardServices.framework/Versions/A/BackBoardServices
0x00007ff813373000 	/System/Library/PrivateFrameworks/CorePhoneNumbers.framework/Versions/A/CorePhoneNumbers
0x00007ff817012000 	/System/Library/PrivateFrameworks/DiskManagement.framework/Versions/A/DiskManagement
0x00007ff816f26000 	/System/Library/PrivateFrameworks/AppleIDAuthSupport.framework/Versions/A/AppleIDAuthSupport
0x00007ffa23a3e000 	/System/Library/PrivateFrameworks/AAAFoundation.framework/Versions/A/AAAFoundation
0x00007ff813354000 	/System/Library/PrivateFrameworks/KeychainCircle.framework/Versions/A/KeychainCircle
0x00007ff816fde000 	/System/Library/PrivateFrameworks/MediaKit.framework/Versions/A/MediaKit
0x00007ff816f32000 	/System/Library/Frameworks/DiscRecording.framework/Versions/A/DiscRecording
0x00007ff810a20000 	/usr/lib/libCoreStorage.dylib
0x00007ff81974c000 	/usr/lib/libcsfde.dylib
0x00007ff81403b000 	/System/Library/PrivateFrameworks/ProtectedCloudStorage.framework/Versions/A/ProtectedCloudStorage
0x00007ff819748000 	/System/Library/PrivateFrameworks/EFILogin.framework/Versions/A/EFILogin
0x00007ff81768f000 	/System/Library/PrivateFrameworks/OctagonTrust.framework/Versions/A/OctagonTrust
0x00007ffb080c5000 	/System/Library/PrivateFrameworks/CoreUtilsExtras.framework/Versions/A/CoreUtilsExtras
0x00007ff816e65000 	/System/Library/Frameworks/CoreBluetooth.framework/Versions/A/CoreBluetooth
0x00007ff819dc2000 	/System/Library/Frameworks/AudioUnit.framework/Versions/A/AudioUnit
0x00007ff810a18000 	/usr/lib/libMatch.1.dylib
0x00007ff9112c1000 	/System/Library/CoreServices/RawCamera.bundle/Contents/MacOS/RawCamera
0x00007ff8132f4000 	/System/Library/PrivateFrameworks/MobileAsset.framework/Versions/A/MobileAsset
0x00007ff819de9000 	/System/Library/PrivateFrameworks/StreamingZip.framework/Versions/A/StreamingZip
0x00007ffb0552d000 	/System/Library/PrivateFrameworks/CMPhoto.framework/Versions/A/CMPhoto
0x00007ff818011000 	/System/Library/PrivateFrameworks/AppleVPA.framework/Versions/A/AppleVPA
0x00007ff811dc5000 	/System/Library/Frameworks/MediaToolbox.framework/Versions/A/MediaToolbox
0x00007ff8174c1000 	/System/Library/PrivateFrameworks/CoreAVCHD.framework/Versions/A/CoreAVCHD
0x00007ff8163ab000 	/System/Library/Frameworks/MediaAccessibility.framework/Versions/A/MediaAccessibility
0x00007ff8174bd000 	/System/Library/PrivateFrameworks/Mangrove.framework/Versions/A/Mangrove
0x00007ff8163b6000 	/System/Library/PrivateFrameworks/AlgosScoreFramework.framework/Versions/A/AlgosScoreFramework
0x00007ff817102000 	/System/Library/PrivateFrameworks/CoreAUC.framework/Versions/A/CoreAUC
0x00007ff90eb8e000 	/System/Library/Frameworks/Accelerate.framework/Versions/A/Frameworks/vImage.framework/Versions/A/Libraries/libCGInterfaces.dylib
0x000000013262a000 	/usr/lib/libobjc-trampolines.dylib
0x00007ff80c5dc000 	/System/Library/PrivateFrameworks/ViewBridge.framework/Versions/A/ViewBridge
0x00007ff811175000 	/System/Library/PrivateFrameworks/login.framework/Versions/A/login
0x00007ffa1d10b000 	/System/Library/Frameworks/OpenGL.framework/Versions/A/Resources/GLEngine.bundle/GLEngine
0x00007ffa1cf6d000 	/System/Library/Frameworks/OpenGL.framework/Versions/A/Libraries/libGLProgrammability.dylib
0x000000013424b000 	/System/Library/Extensions/AppleMetalOpenGLRenderer.bundle/Contents/MacOS/AppleMetalOpenGLRenderer
0x00007ffa1d29a000 	/System/Library/Frameworks/OpenGL.framework/Versions/A/Resources/GLRendererFloat.bundle/GLRendererFloat
0x00007ffa1f079000 	/System/Library/Extensions/AGXMetal13_3.bundle/Contents/MacOS/AGXMetal13_3
0x00007ff90a7d6000 	/System/Library/PrivateFrameworks/GPURawCounter.framework/Versions/A/GPURawCounter
0x00007ff905353000 	/System/Library/PrivateFrameworks/IOGPU.framework/Versions/A/IOGPU
0x00000001343e2000 	/Users/illuha2uha/Library/Java/JavaVirtualMachines/openjdk-17/Contents/Home/lib/libosxui.dylib
0x000000013448c000 	/Users/illuha2uha/Library/Java/JavaVirtualMachines/openjdk-17/Contents/Home/lib/libjavajpeg.dylib
0x00007ffb1a98f000 	/usr/lib/libRosetta.dylib


VM Arguments:
jvm_args: -javaagent:/Applications/IntelliJ IDEA.app/Contents/lib/idea_rt.jar=55029:/Applications/IntelliJ IDEA.app/Contents/bin -Dfile.encoding=UTF-8 
java_command: Defaults.Main
java_class_path (initial): /Users/illuha2uha/IdeaProjects/GUI_EN_2122S_PRO2_GR23c_s24387_IntelliJ/out/production/GUI_EN_2122S_PRO2_GR23c_s24387_IntelliJ
Launcher Type: SUN_STANDARD

[Global flags]
     intx CICompilerCount                          = 4                                         {product} {ergonomic}
     uint ConcGCThreads                            = 2                                         {product} {ergonomic}
     uint G1ConcRefinementThreads                  = 8                                         {product} {ergonomic}
   size_t G1HeapRegionSize                         = 1048576                                   {product} {ergonomic}
    uintx GCDrainStackTargetSize                   = 64                                        {product} {ergonomic}
   size_t InitialHeapSize                          = 134217728                                 {product} {ergonomic}
   size_t MarkStackSize                            = 4194304                                   {product} {ergonomic}
   size_t MaxHeapSize                              = 2147483648                                {product} {ergonomic}
   size_t MaxNewSize                               = 1287651328                                {product} {ergonomic}
   size_t MinHeapDeltaBytes                        = 1048576                                   {product} {ergonomic}
   size_t MinHeapSize                              = 8388608                                   {product} {ergonomic}
    uintx NonNMethodCodeHeapSize                   = 5839372                                {pd product} {ergonomic}
    uintx NonProfiledCodeHeapSize                  = 122909434                              {pd product} {ergonomic}
    uintx ProfiledCodeHeapSize                     = 122909434                              {pd product} {ergonomic}
    uintx ReservedCodeCacheSize                    = 251658240                              {pd product} {ergonomic}
     bool SegmentedCodeCache                       = true                                      {product} {ergonomic}
   size_t SoftMaxHeapSize                          = 2147483648                             {manageable} {ergonomic}
     bool UseCompressedClassPointers               = true                           {product lp64_product} {ergonomic}
     bool UseCompressedOops                        = true                           {product lp64_product} {ergonomic}
     bool UseG1GC                                  = true                                      {product} {ergonomic}
     bool UseNUMA                                  = false                                     {product} {ergonomic}
     bool UseNUMAInterleaving                      = false                                     {product} {ergonomic}

Logging:
Log output configuration:
 #0: stdout all=warning uptime,level,tags
 #1: stderr all=off uptime,level,tags

Environment Variables:
PATH=/opt/homebrew/bin:/opt/homebrew/sbin:/usr/local/bin:/usr/bin:/bin:/usr/sbin:/sbin:/usr/local/share/dotnet:~/.dotnet/tools:/Library/Apple/usr/bin:/Library/Frameworks/Mono.framework/Versions/Current/Commands
SHELL=/bin/zsh
LC_CTYPE=en_GB.UTF-8

Signal Handlers:
   SIGSEGV: _ZL13crash_handleriP9__siginfoPv in libjvm.dylib, mask=11100110100111111111111111111111, flags=SA_RESTART|SA_SIGINFO
    SIGBUS: _ZL13crash_handleriP9__siginfoPv in libjvm.dylib, mask=11100110100111111111111111111111, flags=SA_RESTART|SA_SIGINFO
    SIGFPE: _ZL13crash_handleriP9__siginfoPv in libjvm.dylib, mask=11100110100111111111111111111111, flags=SA_RESTART|SA_SIGINFO
   SIGPIPE: _ZL17javaSignalHandleriP9__siginfoPv in libjvm.dylib, mask=11100110100111111111111111111111, flags=SA_RESTART|SA_SIGINFO
   SIGXFSZ: _ZL17javaSignalHandleriP9__siginfoPv in libjvm.dylib, mask=11100110100111111111111111111111, flags=SA_RESTART|SA_SIGINFO
    SIGILL: _ZL13crash_handleriP9__siginfoPv in libjvm.dylib, mask=11100110100111111111111111111111, flags=SA_RESTART|SA_SIGINFO
   SIGUSR2: _ZL10SR_handleriP9__siginfoP17__darwin_ucontext in libjvm.dylib, mask=00100000000000000000000000000000, flags=SA_RESTART|SA_SIGINFO
    SIGHUP: _ZL11UserHandleriPvS_ in libjvm.dylib, mask=11100110100111111111111111111111, flags=SA_RESTART|SA_SIGINFO
    SIGINT: _ZL11UserHandleriPvS_ in libjvm.dylib, mask=11100110100111111111111111111111, flags=SA_RESTART|SA_SIGINFO
   SIGTERM: _ZL11UserHandleriPvS_ in libjvm.dylib, mask=11100110100111111111111111111111, flags=SA_RESTART|SA_SIGINFO
   SIGQUIT: _ZL11UserHandleriPvS_ in libjvm.dylib, mask=11100110100111111111111111111111, flags=SA_RESTART|SA_SIGINFO
   SIGTRAP: _ZL13crash_handleriP9__siginfoPv in libjvm.dylib, mask=11100110100111111111111111111111, flags=SA_RESTART|SA_SIGINFO


---------------  S Y S T E M  ---------------

OS:
uname: Darwin 21.1.0 Darwin Kernel Version 21.1.0: Wed Oct 13 17:33:24 PDT 2021; root:xnu-8019.41.5~1/RELEASE_ARM64_T8101 x86_64
OS uptime: 15 days 5:06 hours
rlimit (soft/hard): STACK 8176k/65520k , CORE 0k/infinity , NPROC 1333/2000 , NOFILE 10240/infinity , AS infinity/infinity , CPU infinity/infinity , DATA infinity/infinity , FSIZE infinity/infinity , MEMLOCK infinity/infinity , RSS infinity/infinity
load average: 2.26 2.80 2.62

CPU: (EMULATED) total 8 (initial active 8) (1 cores per cpu, 1 threads per core) family 6 model 44 stepping 0 microcode 0x0, cx8, cmov, fxsr, mmx, sse, sse2, sse3, ssse3, sse4.1, sse4.2, popcnt, tsc, tscinvbit, aes, clmul, clflush

Memory: 4k page, physical 8388608k(21940k free), swap 5242880k(689920k free)

vm_info: OpenJDK 64-Bit Server VM (17+35-2724) for bsd-amd64 JRE (17+35-2724), built on Aug  5 2021 22:31:25 by "mach5one" with clang Apple LLVM 12.0.0 (clang-1200.0.32.29)

END.
